This is pdfTeX, Version 3.14159265-2.6-1.40.19 (TeX Live 2018/Cygwin) (preloaded format=pdflatex 2018.8.30)  1 JUN 2025 17:26
entering extended mode
 restricted \write18 enabled.
 %&-line parsing enabled.
**./images.tex
(./images.tex
LaTeX2e <2018-04-01> patch level 2
Babel <3.18> and hyphenation patterns for 3 language(s) loaded.

(/usr/share/texmf-dist/tex/latex/base/article.cls
Document Class: article 2014/09/29 v1.4h Standard LaTeX document class
(/usr/share/texmf-dist/tex/latex/base/size10.clo
File: size10.clo 2014/09/29 v1.4h Standard LaTeX file (size option)
)
\c@part=\count80
\c@section=\count81
\c@subsection=\count82
\c@subsubsection=\count83
\c@paragraph=\count84
\c@subparagraph=\count85
\c@figure=\count86
\c@table=\count87
\abovecaptionskip=\skip41
\belowcaptionskip=\skip42
\bibindent=\dimen102
) (/usr/share/texmf-dist/tex/latex/base/ifthen.sty
Package: ifthen 2014/09/29 v1.1c Standard LaTeX ifthen package (DPC)
) (/usr/share/texmf-site/tex/latex/html/html.sty (/usr/share/texmf-dist/tex/lat
ex/hyperref/hyperref.sty
Package: hyperref 2018/02/06 v6.86b Hypertext links for LaTeX
(/usr/share/texmf-dist/tex/generic/oberdiek/hobsub-hyperref.sty
Package: hobsub-hyperref 2016/05/16 v1.14 Bundle oberdiek, subset hyperref (HO)

(/usr/share/texmf-dist/tex/generic/oberdiek/hobsub-generic.sty
Package: hobsub-generic 2016/05/16 v1.14 Bundle oberdiek, subset generic (HO)
Package: hobsub 2016/05/16 v1.14 Construct package bundles (HO)
Package: infwarerr 2016/05/16 v1.4 Providing info/warning/error messages (HO)
Package: ltxcmds 2016/05/16 v1.23 LaTeX kernel commands for general use (HO)
Package: ifluatex 2016/05/16 v1.4 Provides the ifluatex switch (HO)
Package ifluatex Info: LuaTeX not detected.
Package: ifvtex 2016/05/16 v1.6 Detect VTeX and its facilities (HO)
Package ifvtex Info: VTeX not detected.
Package: intcalc 2016/05/16 v1.2 Expandable calculations with integers (HO)
Package: ifpdf 2017/03/15 v3.2 Provides the ifpdf switch
Package: etexcmds 2016/05/16 v1.6 Avoid name clashes with e-TeX commands (HO)
Package etexcmds Info: Could not find \expanded.
(etexcmds)             That can mean that you are not using pdfTeX 1.50 or
(etexcmds)             that some package has redefined \expanded.
(etexcmds)             In the latter case, load this package earlier.
Package: kvsetkeys 2016/05/16 v1.17 Key value parser (HO)
Package: kvdefinekeys 2016/05/16 v1.4 Define keys (HO)
Package: pdftexcmds 2018/01/30 v0.27 Utility functions of pdfTeX for LuaTeX (HO
)
Package pdftexcmds Info: LuaTeX not detected.
Package pdftexcmds Info: \pdf@primitive is available.
Package pdftexcmds Info: \pdf@ifprimitive is available.
Package pdftexcmds Info: \pdfdraftmode found.
Package: pdfescape 2016/05/16 v1.14 Implements pdfTeX's escape features (HO)
Package: bigintcalc 2016/05/16 v1.4 Expandable calculations on big integers (HO
)
Package: bitset 2016/05/16 v1.2 Handle bit-vector datatype (HO)
Package: uniquecounter 2016/05/16 v1.3 Provide unlimited unique counter (HO)
)
Package hobsub Info: Skipping package `hobsub' (already loaded).
Package: letltxmacro 2016/05/16 v1.5 Let assignment for LaTeX macros (HO)
Package: hopatch 2016/05/16 v1.3 Wrapper for package hooks (HO)
Package: xcolor-patch 2016/05/16 xcolor patch
Package: atveryend 2016/05/16 v1.9 Hooks at the very end of document (HO)
Package atveryend Info: \enddocument detected (standard20110627).
Package: atbegshi 2016/06/09 v1.18 At begin shipout hook (HO)
Package: refcount 2016/05/16 v3.5 Data extraction from label references (HO)
Package: hycolor 2016/05/16 v1.8 Color options for hyperref/bookmark (HO)
) (/usr/share/texmf-dist/tex/latex/graphics/keyval.sty
Package: keyval 2014/10/28 v1.15 key=value parser (DPC)
\KV@toks@=\toks14
) (/usr/share/texmf-dist/tex/generic/ifxetex/ifxetex.sty
Package: ifxetex 2010/09/12 v0.6 Provides ifxetex conditional
) (/usr/share/texmf-dist/tex/latex/oberdiek/auxhook.sty
Package: auxhook 2016/05/16 v1.4 Hooks for auxiliary files (HO)
) (/usr/share/texmf-dist/tex/latex/oberdiek/kvoptions.sty
Package: kvoptions 2016/05/16 v3.12 Key value format for package options (HO)
)
\@linkdim=\dimen103
\Hy@linkcounter=\count88
\Hy@pagecounter=\count89
(/usr/share/texmf-dist/tex/latex/hyperref/pd1enc.def
File: pd1enc.def 2018/02/06 v6.86b Hyperref: PDFDocEncoding definition (HO)
Now handling font encoding PD1 ...
... no UTF-8 mapping file for font encoding PD1
)
\Hy@SavedSpaceFactor=\count90
(/usr/share/texmf-dist/tex/latex/latexconfig/hyperref.cfg
File: hyperref.cfg 2002/06/06 v1.2 hyperref configuration of TeXLive
)
Package hyperref Info: Hyper figures OFF on input line 4509.
Package hyperref Info: Link nesting OFF on input line 4514.
Package hyperref Info: Hyper index ON on input line 4517.
Package hyperref Info: Plain pages OFF on input line 4524.
Package hyperref Info: Backreferencing OFF on input line 4529.
Package hyperref Info: Implicit mode ON; LaTeX internals redefined.
Package hyperref Info: Bookmarks ON on input line 4762.
\c@Hy@tempcnt=\count91
(/usr/share/texmf-dist/tex/latex/url/url.sty
\Urlmuskip=\muskip10
Package: url 2013/09/16  ver 3.4  Verb mode for urls, etc.
)
LaTeX Info: Redefining \url on input line 5115.
\XeTeXLinkMargin=\dimen104
\Fld@menulength=\count92
\Field@Width=\dimen105
\Fld@charsize=\dimen106
Package hyperref Info: Hyper figures OFF on input line 6369.
Package hyperref Info: Link nesting OFF on input line 6374.
Package hyperref Info: Hyper index ON on input line 6377.
Package hyperref Info: backreferencing OFF on input line 6384.
Package hyperref Info: Link coloring OFF on input line 6389.
Package hyperref Info: Link coloring with OCG OFF on input line 6394.
Package hyperref Info: PDF/A mode OFF on input line 6399.
LaTeX Info: Redefining \ref on input line 6439.
LaTeX Info: Redefining \pageref on input line 6443.
\Hy@abspage=\count93
\c@Item=\count94
\c@Hfootnote=\count95
)
Package hyperref Info: Driver: hpdftex.
(/usr/share/texmf-dist/tex/latex/hyperref/hpdftex.def
File: hpdftex.def 2018/02/06 v6.86b Hyperref driver for pdfTeX
\Fld@listcount=\count96
\c@bookmark@seq@number=\count97
(/usr/share/texmf-dist/tex/latex/oberdiek/rerunfilecheck.sty
Package: rerunfilecheck 2016/05/16 v1.8 Rerun checks for auxiliary files (HO)
Package uniquecounter Info: New unique counter `rerunfilecheck' on input line 2
82.
)
\Hy@SectionHShift=\skip43
)
Package: html 1999/07/19 v1.38 hypertext commands for latex2html (nd, hws, rrm)

\c@lpart=\count98
\c@lchapter=\count99
\c@chapter=\count100
\c@lsection=\count101
\c@lsubsection=\count102
\c@lsubsubsection=\count103
\c@lparagraph=\count104
\c@lsubparagraph=\count105
\c@lsubsubparagraph=\count106
\ptrfile=\write3
) (/usr/share/texmf-dist/tex/generic/epsf/epsf.sty
This is `epsf.tex' v2.7.4 <14 February 2011>
\epsffilein=\read1
\epsfframemargin=\dimen107
\epsfframethickness=\dimen108
\epsfrsize=\dimen109
\epsftmp=\dimen110
\epsftsize=\dimen111
\epsfxsize=\dimen112
\epsfysize=\dimen113
\pspoints=\dimen114
) (/cygdrive/c/avdw/job/cv/citesort.sty
\@minsofar=\count107
\@min=\count108
\@cite@temp=\count109
) (/usr/share/texmf-dist/tex/latex/xcolor/xcolor.sty
Package: xcolor 2016/05/11 v2.12 LaTeX color extensions (UK)
(/usr/share/texmf-dist/tex/latex/graphics-cfg/color.cfg
File: color.cfg 2016/01/02 v1.6 sample color configuration
)
Package xcolor Info: Driver file: pdftex.def on input line 225.
(/usr/share/texmf-dist/tex/latex/graphics-def/pdftex.def
File: pdftex.def 2018/01/08 v1.0l Graphics/color driver for pdftex
)
Package xcolor Info: Model `cmy' substituted by `cmy0' on input line 1348.
Package xcolor Info: Model `hsb' substituted by `rgb' on input line 1352.
Package xcolor Info: Model `RGB' extended on input line 1364.
Package xcolor Info: Model `HTML' substituted by `rgb' on input line 1366.
Package xcolor Info: Model `Hsb' substituted by `hsb' on input line 1367.
Package xcolor Info: Model `tHsb' substituted by `hsb' on input line 1368.
Package xcolor Info: Model `HSB' substituted by `hsb' on input line 1369.
Package xcolor Info: Model `Gray' substituted by `gray' on input line 1370.
Package xcolor Info: Model `wave' substituted by `hsb' on input line 1371.
) (/usr/share/texmf-dist/tex/latex/base/inputenc.sty
Package: inputenc 2018/04/06 v1.3b Input encoding file
\inpenc@prehook=\toks15
\inpenc@posthook=\toks16
(/usr/share/texmf-dist/tex/latex/base/latin1.def
File: latin1.def 2018/04/06 v1.3b Input encoding file
))
\sizebox=\box26
\lthtmlwrite=\write4
(/usr/share/texmf-site/tex/latex/preview/preview.sty
Package: preview 2017/04/24 11.92 (AUCTeX/preview-latex)
(/usr/share/texmf-site/tex/latex/preview/prtightpage.def
\PreviewBorder=\dimen115
)
\pr@snippet=\count110
\pr@box=\box27
\pr@output=\toks17
)
\lthtmlPageBox=\box28
\lthtmlCropMarkHeight=\dimen116
\lthtmlCropMarkDepth=\dimen117
! Too many }'s.
l.109 ...review}\copy\lthtmlPageBox\end{preview}}}
                                                  %
You've closed more groups than you opened.
Such booboos are generally harmless, so keep going.

(./images.aux)
\openout1 = `images.aux'.

LaTeX Font Info:    Checking defaults for OML/cmm/m/it on input line 140.
LaTeX Font Info:    ... okay on input line 140.
LaTeX Font Info:    Checking defaults for T1/cmr/m/n on input line 140.
LaTeX Font Info:    ... okay on input line 140.
LaTeX Font Info:    Checking defaults for OT1/cmr/m/n on input line 140.
LaTeX Font Info:    ... okay on input line 140.
LaTeX Font Info:    Checking defaults for OMS/cmsy/m/n on input line 140.
LaTeX Font Info:    ... okay on input line 140.
LaTeX Font Info:    Checking defaults for OMX/cmex/m/n on input line 140.
LaTeX Font Info:    ... okay on input line 140.
LaTeX Font Info:    Checking defaults for U/cmr/m/n on input line 140.
LaTeX Font Info:    ... okay on input line 140.
LaTeX Font Info:    Checking defaults for PD1/pdf/m/n on input line 140.
LaTeX Font Info:    ... okay on input line 140.
\AtBeginShipoutBox=\box29
Package hyperref Info: Link coloring OFF on input line 140.
(/usr/share/texmf-dist/tex/latex/hyperref/nameref.sty
Package: nameref 2016/05/21 v2.44 Cross-referencing by name of section
(/usr/share/texmf-dist/tex/generic/oberdiek/gettitlestring.sty
Package: gettitlestring 2016/05/16 v1.5 Cleanup title references (HO)
)
\c@section@level=\count111
)
LaTeX Info: Redefining \ref on input line 140.
LaTeX Info: Redefining \pageref on input line 140.
LaTeX Info: Redefining \nameref on input line 140.
(./images.out) (./images.out)
\@outlinefile=\write5
\openout5 = `images.out'.

(/usr/share/texmf-dist/tex/context/base/mkii/supp-pdf.mkii
[Loading MPS to PDF converter (version 2006.09.02).]
\scratchcounter=\count112
\scratchdimen=\dimen118
\scratchbox=\box30
\nofMPsegments=\count113
\nofMParguments=\count114
\everyMPshowfont=\toks18
\MPscratchCnt=\count115
\MPscratchDim=\dimen119
\MPnumerator=\count116
\makeMPintoPDFobject=\count117
\everyMPtoPDFconversion=\toks19
) (/cygdrive/c/avdw/job/cv/home.aux

LaTeX Warning: Label `chen:sgte' multiply defined.


LaTeX Warning: Label `zhu:glassdef' multiply defined.


LaTeX Warning: Label `sundman:xtdb' multiply defined.


LaTeX Warning: Label `eckert:soliquidy' multiply defined.


LaTeX Warning: Label `samanta:cvm' multiply defined.


LaTeX Warning: Label `ushakov:ErTmO' multiply defined.


LaTeX Warning: Label `hong:LLZOpd' multiply defined.


LaTeX Warning: Label `kunselman:dotder' multiply defined.


LaTeX Warning: Label `avdw:sgteal' multiply defined.


LaTeX Warning: Label `chen:bayes' multiply defined.


LaTeX Warning: Label `brugman:yo' multiply defined.


LaTeX Warning: Label `samanta:CrMoNbV' multiply defined.


LaTeX Warning: Label `zhu:sgs' multiply defined.


LaTeX Warning: Label `ushakov:thremonox' multiply defined.


LaTeX Warning: Label `hong:calphadpersp' multiply defined.


LaTeX Warning: Label `liu:geosurf' multiply defined.


LaTeX Warning: Label `curtarolo:aflowjnt' multiply defined.


LaTeX Warning: Label `hong:mlmelt' multiply defined.


LaTeX Warning: Label `avdw:hidpd' multiply defined.


LaTeX Warning: Label `cramer:coviddata' multiply defined.


LaTeX Warning: Label `cramer:covid' multiply defined.


LaTeX Warning: Label `nataraj:cenl' multiply defined.


LaTeX Warning: Label `nataraj:cowalhf' multiply defined.


LaTeX Warning: Label `schroers:straincool' multiply defined.


LaTeX Warning: Label `chen:virto' multiply defined.


LaTeX Warning: Label `zhu:nire' multiply defined.


LaTeX Warning: Label `samanta:irru' multiply defined.


LaTeX Warning: Label `nataraj:shea' multiply defined.


LaTeX Warning: Label `hong:resubmelt' multiply defined.


LaTeX Warning: Label `liu:resuboxi' multiply defined.


LaTeX Warning: Label `hong:reentrant' multiply defined.


LaTeX Warning: Label `ushakov:CNZrHf' multiply defined.


LaTeX Warning: Label `sun:resubthx' multiply defined.


LaTeX Warning: Label `avdw:resubpd' multiply defined.


LaTeX Warning: Label `avdw:mrspd' multiply defined.


LaTeX Warning: Label `avdw:norm' multiply defined.


LaTeX Warning: Label `kadkhodaei:ltst' multiply defined.


LaTeX Warning: Label `kadkhodaei:p4' multiply defined.


LaTeX Warning: Label `fyhrie:YbLu2O3' multiply defined.


LaTeX Warning: Label `hong:ZrHfO2' multiply defined.


LaTeX Warning: Label `avdw:tdbdb' multiply defined.


LaTeX Warning: Label `avdw:sgteuns' multiply defined.


LaTeX Warning: Label `kadkhodaei:ptniti' multiply defined.


LaTeX Warning: Label `avdw:sqs2tdb' multiply defined.


LaTeX Warning: Label `hong:strpred' multiply defined.


LaTeX Warning: Label `avdw:epi' multiply defined.


LaTeX Warning: Label `sun:apbnial' multiply defined.


LaTeX Warning: Label `hong:yttria' multiply defined.


LaTeX Warning: Label `kadkhodaei:dynstabti' multiply defined.


LaTeX Warning: Label `ravi:TiVNbTa' multiply defined.


LaTeX Warning: Label `jong:planarsqs' multiply defined.


LaTeX Warning: Label `sun:auto' multiply defined.


LaTeX Warning: Label `hong:sluschi' multiply defined.


LaTeX Warning: Label `tiwary:amdreview' multiply defined.


LaTeX Warning: Label `avdw:funstab' multiply defined.


LaTeX Warning: Label `hong:highT' multiply defined.


LaTeX Warning: Label `jong:reico' multiply defined.


LaTeX Warning: Label `miljacic:Taeos' multiply defined.


LaTeX Warning: Label `hong:lzo' multiply defined.


LaTeX Warning: Label `avdw:meltpersp' multiply defined.


LaTeX Warning: Label `woodward:nial' multiply defined.


LaTeX Warning: Label `avdw:harm' multiply defined.


LaTeX Warning: Label `dalash:adapce' multiply defined.


LaTeX Warning: Label `pomrehn:zintl' multiply defined.


LaTeX Warning: Label `avdw:jomatat' multiply defined.


LaTeX Warning: Label `avdw:mcsqs' multiply defined.


LaTeX Warning: Label `hong:fastmelt' multiply defined.


LaTeX Warning: Label `tiwary:sisyphus' multiply defined.


LaTeX Warning: Label `dejong:restel' multiply defined.


LaTeX Warning: Label `demers:ZnP' multiply defined.


LaTeX Warning: Label `bg:ceria' multiply defined.


LaTeX Warning: Label `hong:widom' multiply defined.


LaTeX Warning: Label `dalach:perov' multiply defined.


LaTeX Warning: Label `ravi:NbTaV' multiply defined.


LaTeX Warning: Label `burton:HfO' multiply defined.


LaTeX Warning: Label `wang:bccrefrac' multiply defined.


LaTeX Warning: Label `burton:ZrO' multiply defined.


LaTeX Warning: Label `tiwary:mcmd' multiply defined.


LaTeX Warning: Label `wang:Wmelt' multiply defined.


LaTeX Warning: Label `pomrehn:zn8sb7' multiply defined.


LaTeX Warning: Label `burton:345' multiply defined.


LaTeX Warning: Label `pomrehn:zn4sb3' multiply defined.


LaTeX Warning: Label `tiwary:moxpot' multiply defined.


LaTeX Warning: Label `avdw:adiab' multiply defined.


LaTeX Warning: Label `dalach:zirconia' multiply defined.


LaTeX Warning: Label `vinograd:mixing' multiply defined.


LaTeX Warning: Label `cockayne:bayes' multiply defined.


LaTeX Warning: Label `ravi:VN' multiply defined.


LaTeX Warning: Label `avdw:fpat' multiply defined.


LaTeX Warning: Label `chepulskii:fept' multiply defined.


LaTeX Warning: Label `tiwary:zbl' multiply defined.


LaTeX Warning: Label `avdw:atat2' multiply defined.


LaTeX Warning: Label `benedek:pourbaix' multiply defined.


LaTeX Warning: Label `adjaoud:ss' multiply defined.


LaTeX Warning: Label `avdw:gce' multiply defined.


LaTeX Warning: Label `benedek:acid' multiply defined.


LaTeX Warning: Label `benedek:exch' multiply defined.


LaTeX Warning: Label `ghosh:sqsce' multiply defined.


LaTeX Warning: Label `avdw:smceo2' multiply defined.


LaTeX Warning: Label `shin:ternsqs' multiply defined.


LaTeX Warning: Label `lanier:stoc6x2' multiply defined.


LaTeX Warning: Label `liu:cdtfc' multiply defined.


LaTeX Warning: Label `ghosh:AlZnTi' multiply defined.


LaTeX Warning: Label `burton:AlGaInN' multiply defined.


LaTeX Warning: Label `shin:hcpsqs' multiply defined.


LaTeX Warning: Label `arroyave:znzr' multiply defined.


LaTeX Warning: Label `avdw:naclkcl' multiply defined.


LaTeX Warning: Label `avdw:hart' multiply defined.


LaTeX Warning: Label `avdw:amape' multiply defined.


LaTeX Warning: Label `avdw:fpmpe' multiply defined.


LaTeX Warning: Label `zliu:tensor' multiply defined.


LaTeX Warning: Label `benedek:phpref' multiply defined.


LaTeX Warning: Label `avdw:culi' multiply defined.


LaTeX Warning: Label `beck:gewl' multiply defined.


LaTeX Warning: Label `avdw:gesi' multiply defined.


LaTeX Warning: Label `wu:svsl' multiply defined.


LaTeX Warning: Label `burton:caco3' multiply defined.


LaTeX Warning: Label `morgan:mno2' multiply defined.


LaTeX Warning: Label `balachandra:MnO2' multiply defined.


LaTeX Warning: Label `avdw:vibrev' multiply defined.


LaTeX Warning: Label `avdw:atat' multiply defined.


LaTeX Warning: Label `avdw:maps' multiply defined.


LaTeX Warning: Label `avdw:emc2' multiply defined.


LaTeX Warning: Label `avdw:apbtial' multiply defined.


LaTeX Warning: Label `ghosh:hfnb' multiply defined.


LaTeX Warning: Label `morgan:ptdef' multiply defined.


LaTeX Warning: Label `harish:soliq' multiply defined.


LaTeX Warning: Label `avdw:pd3v' multiply defined.


LaTeX Warning: Label `morgan:aruba' multiply defined.


LaTeX Warning: Label `avdw:lda-p' multiply defined.


LaTeX Warning: Label `avdw:ni3al' multiply defined.


LaTeX Warning: Label `avdw:carbonblack' multiply defined.


LaTeX Warning: Label `pubsection' multiply defined.

)
Preview: Fontsize 10pt
Preview: PDFoutput 1

latex2htmlLength hsize=349.0pt

latex2htmlLength vsize=633.0pt

latex2htmlLength hoffset=0.0pt

latex2htmlLength voffset=0.0pt

latex2htmlLength topmargin=0.0pt

latex2htmlLength topskip=0.00003pt

latex2htmlLength headheight=0.0pt

latex2htmlLength headsep=0.0pt

latex2htmlLength parskip=0.0pt plus 1.0pt

latex2htmlLength oddsidemargin=62.0pt

latex2htmlLength evensidemargin=62.0pt

LaTeX Font Info:    External font `cmex10' loaded for size
(Font)              <7> on input line 171.
LaTeX Font Info:    External font `cmex10' loaded for size
(Font)              <5> on input line 171.

:tex2html_wrap_inline2269:lthtmlCropMarkHeight:=9.01112pt

:tex2html_wrap_inline2269:lthtmlCropMarkDepth:=1.49998pt:1ex:=4.30554pt
Preview: Tightpage -32891 -32891 32891 32891
[1{/var/lib/texmf/fonts/map/pdftex/updmap/pdftex.map}]

:tex2html_wrap_inline2271:lthtmlCropMarkHeight:=9.01112pt

:tex2html_wrap_inline2271:lthtmlCropMarkDepth:=1.49998pt:1ex:=4.30554pt
[2]

:tex2html_wrap_inline2301:lthtmlCropMarkHeight:=13.5pt

:tex2html_wrap_inline2301:lthtmlCropMarkDepth:=2.5pt:1ex:=4.30554pt
[3]

:tex2html_wrap_inline2303:lthtmlCropMarkHeight:=12.88586pt

:tex2html_wrap_inline2303:lthtmlCropMarkDepth:=0.0pt:1ex:=4.30554pt
[4]

:tex2html_wrap_inline2309:lthtmlCropMarkHeight:=9.01112pt

:tex2html_wrap_inline2309:lthtmlCropMarkDepth:=1.49998pt:1ex:=4.30554pt
[5]

:tex2html_wrap_inline2317:lthtmlCropMarkHeight:=7.5139pt

:tex2html_wrap_inline2317:lthtmlCropMarkDepth:=1.49998pt:1ex:=4.30554pt
[6]

:tex2html_wrap_inline2319:lthtmlCropMarkHeight:=13.5pt

:tex2html_wrap_inline2319:lthtmlCropMarkDepth:=2.5pt:1ex:=4.30554pt
[7]

:tex2html_wrap_inline2321:lthtmlCropMarkHeight:=9.28336pt

:tex2html_wrap_inline2321:lthtmlCropMarkDepth:=1.49998pt:1ex:=4.30554pt
[8]

:tex2html_wrap_inline2323:lthtmlCropMarkHeight:=13.5pt

:tex2html_wrap_inline2323:lthtmlCropMarkDepth:=2.5pt:1ex:=4.30554pt
[9]

:tex2html_wrap_inline2325:lthtmlCropMarkHeight:=9.01112pt

:tex2html_wrap_inline2325:lthtmlCropMarkDepth:=1.49998pt:1ex:=4.30554pt
[10]

:tex2html_wrap_inline2329:lthtmlCropMarkHeight:=9.01112pt

:tex2html_wrap_inline2329:lthtmlCropMarkDepth:=1.49998pt:1ex:=4.30554pt
[11]

:tex2html_wrap_inline2333:lthtmlCropMarkHeight:=7.5139pt

:tex2html_wrap_inline2333:lthtmlCropMarkDepth:=1.49998pt:1ex:=4.30554pt
[12]

:tex2html_wrap_inline2335:lthtmlCropMarkHeight:=7.5139pt

:tex2html_wrap_inline2335:lthtmlCropMarkDepth:=2.86108pt:1ex:=4.30554pt
[13]

:tex2html_wrap_inline2337:lthtmlCropMarkHeight:=9.01112pt

:tex2html_wrap_inline2337:lthtmlCropMarkDepth:=2.86108pt:1ex:=4.30554pt
[14]

:tex2html_wrap_inline2347:lthtmlCropMarkHeight:=9.01112pt

:tex2html_wrap_inline2347:lthtmlCropMarkDepth:=1.49998pt:1ex:=4.30554pt
[15]

:tex2html_wrap_inline2349:lthtmlCropMarkHeight:=9.01112pt

:tex2html_wrap_inline2349:lthtmlCropMarkDepth:=1.49998pt:1ex:=4.30554pt
[16]

:tex2html_wrap_inline587:lthtmlCropMarkHeight:=14.14003pt

:tex2html_wrap_inline587:lthtmlCropMarkDepth:=0.0pt:1ex:=4.30554pt
[17]

:tex2html_wrap_inline589:lthtmlCropMarkHeight:=14.14003pt

:tex2html_wrap_inline589:lthtmlCropMarkDepth:=0.0pt:1ex:=4.30554pt
[18]

:tex2html_wrap_inline591:lthtmlCropMarkHeight:=14.14003pt

:tex2html_wrap_inline591:lthtmlCropMarkDepth:=0.0pt:1ex:=4.30554pt
[19]

:tex2html_wrap_inline595:lthtmlCropMarkHeight:=13.5pt

:tex2html_wrap_inline595:lthtmlCropMarkDepth:=2.5pt:1ex:=4.30554pt
[20]
Package atveryend Info: Empty hook `BeforeClearDocument' on input line 293.
Package atveryend Info: Empty hook `AfterLastShipout' on input line 293.
(./images.aux)
Package atveryend Info: Executing hook `AtVeryEndDocument' on input line 293.
Package atveryend Info: Executing hook `AtEndAfterFileList' on input line 293.
Package rerunfilecheck Info: File `images.out' has not changed.
(rerunfilecheck)             Checksum: D41D8CD98F00B204E9800998ECF8427E;0.

LaTeX Warning: There were multiply-defined labels.

Package atveryend Info: Empty hook `AtVeryVeryEnd' on input line 293.
 ) 
Here is how much of TeX's memory you used:
 5802 strings out of 494590
 82807 string characters out of 6178347
 169990 words of memory out of 5000000
 9420 multiletter control sequences out of 15000+600000
 3640 words of font info for 14 fonts, out of 8000000 for 9000
 14 hyphenation exceptions out of 8191
 35i,5n,35p,224b,336s stack positions out of 5000i,500n,10000p,200000b,80000s
</usr/share/texmf-dist/fonts/type1/public/amsfonts/cm/cmmi10.pfb></usr/share/
texmf-dist/fonts/type1/public/amsfonts/cm/cmmi7.pfb></usr/share/texmf-dist/font
s/type1/public/amsfonts/cm/cmr10.pfb></usr/share/texmf-dist/fonts/type1/public/
amsfonts/cm/cmr7.pfb></usr/share/texmf-dist/fonts/type1/public/amsfonts/cm/cmsy
10.pfb></usr/share/texmf-dist/fonts/type1/public/amsfonts/cm/cmsy7.pfb>
Output written on images.pdf (20 pages, 51782 bytes).
PDF statistics:
 94 PDF objects out of 1000 (max. 8388607)
 65 compressed objects within 1 object stream
 0 named destinations out of 1000 (max. 500000)
 1 words of extra memory for PDF output out of 10000 (max. 10000000)

