300	0.0028318	-0.0878312	0.5	-0.0878312	8.42258e-13	1.4716e-11	-0.00851839	0.5	-0.0878312	-0.00851839	0.5	-0.0878312	0.0680094	0.714355	-0.0260253	1	1	0.5	-2.26056e-08	-2.26056e-08	1	1	
350	0.0028318	-0.102108	0.5	-0.0866414	3.12855e-11	5.64952e-10	0.00483532	0.5	-0.102108	0.00483532	0.5	-0.102108	0.0816854	0.709473	-0.0427816	0.999999	1	0.5	2.89352e-07	2.89352e-07	0.999997	0.999997	
400	0.0028318	-0.118185	0.499999	-0.0832836	1.61216e-10	3.01333e-09	0.0162423	0.5	-0.118187	0.0162423	0.5	-0.118187	0.0933075	0.70459	-0.0613794	0.999997	1	0.499999	3.47222e-06	3.47222e-06	0.999986	0.999986	
450	0.0028318	-0.135815	0.499994	-0.077819	3.81174e-10	7.12152e-09	0.0299962	0.499999	-0.135819	0.0299962	0.5	-0.135819	0.107322	0.699707	-0.08156	0.999992	1	0.499994	2.31481e-06	2.31481e-06	0.999969	0.999969	
500	0.0028318	-0.154892	0.500001	-0.0703151	8.24052e-10	1.57293e-08	0.0420155	0.499999	-0.154902	0.0420155	0.499999	-0.154902	0.119562	0.694824	-0.103218	0.999981	1	0.500001	2.57523e-05	2.5897e-05	0.999925	0.999925	
550	0.0028318	-0.175246	0.499983	-0.0608397	2.30787e-09	4.3026e-08	0.055989	0.499999	-0.175273	0.055989	0.499999	-0.175273	0.133776	0.689941	-0.126187	0.999948	1	0.499983	4.62963e-05	4.60069e-05	0.999792	0.999792	
600	0.0028318	-0.196791	0.499995	-0.0494598	5.917e-09	1.066e-07	0.0685337	0.500002	-0.196859	0.0685338	0.500001	-0.196859	0.146478	0.686035	-0.15039	0.999864	1	0.499995	0.000172598	0.000173032	0.999457	0.999457	
650	0.0028318	-0.219403	0.500028	-0.03624	1.2999e-08	2.61241e-07	0.0827642	0.500012	-0.219555	0.0827644	0.500006	-0.219555	0.160856	0.682129	-0.175715	0.999695	1	0.500028	0.000437789	0.000441406	0.99878	0.998779	
700	0.0028318	-0.243026	0.500062	-0.021242	2.49183e-08	4.8712e-07	0.0957753	0.500039	-0.243304	0.0957795	0.50003	-0.243304	0.173929	0.677246	-0.202102	0.999437	1	0.500062	0.000815683	0.00082147	0.997751	0.997747	
750	0.0028318	-0.267526	0.50005	-0.00452528	4.43703e-08	7.64549e-07	0.110291	0.500092	-0.268032	0.1103	0.500072	-0.268033	0.188458	0.67334	-0.229471	0.998965	1	0.50005	0.00140394	0.00141464	0.995877	0.995862	
800	0.0028318	-0.292884	0.50027	0.0138534	6.88231e-08	1.24272e-06	0.123807	0.500184	-0.293699	0.123823	0.500176	-0.2937	0.20186	0.669434	-0.257775	0.998316	1	0.50027	0.00251736	0.0025353	0.993316	0.993276	
850	0.0028318	-0.318976	0.500337	0.0338398	1.00219e-07	1.97683e-06	0.1387	0.500332	-0.32025	0.138736	0.500356	-0.320253	0.216553	0.666504	-0.286954	0.997325	1	0.500337	0.00380237	0.0038588	0.989418	0.989335	
900	0.0028318	-0.34576	0.500658	0.0553814	1.74158e-07	2.85692e-06	0.152737	0.500554	-0.347655	0.152812	0.500642	-0.347661	0.230232	0.662598	-0.31697	0.995944	1	0.500658	0.00588368	0.00595298	0.984045	0.983889	
950	0.0028318	-0.373102	0.501108	0.0784265	2.81848e-07	3.92757e-06	0.168057	0.500868	-0.375873	0.168191	0.501029	-0.375885	0.245065	0.658691	-0.347776	0.993918	1	0.501108	0.00883073	0.00894705	0.976245	0.975906	
1000	0.0028318	-0.400939	0.501799	0.102924	4.18712e-07	5.58156e-06	0.182632	0.501292	-0.40488	0.182867	0.501631	-0.404902	0.259019	0.655762	-0.379342	0.991027	1	0.501799	0.012862	0.0131481	0.965416	0.964739	
1050	0.0028318	-0.429235	0.502927	0.128824	4.93566e-07	8.01764e-06	0.198406	0.501848	-0.434644	0.198799	0.502453	-0.434683	0.274013	0.651855	-0.41163	0.987234	1	0.502927	0.0183915	0.0187335	0.95147	0.950252	
1100	0.0028318	-0.457572	0.504643	0.156073	8.79167e-07	1.10603e-05	0.213564	0.502554	-0.465146	0.214184	0.50349	-0.46521	0.288211	0.648926	-0.444615	0.981001	1	0.504643	0.0266892	0.027237	0.92954	0.927141	
1150	0.0028318	-0.486159	0.507071	0.184616	1.27517e-06	1.32586e-05	0.229845	0.503428	-0.496362	0.230795	0.5049	-0.496464	0.303372	0.645996	-0.478266	0.972582	1	0.507071	0.0372879	0.038089	0.901588	0.896934	
1200	0.0028318	-0.514268	0.511147	0.214391	2.04386e-06	1.85247e-05	0.24559	0.504487	-0.528274	0.246998	0.506684	-0.528432	0.317805	0.643066	-0.512561	0.958531	1	0.511147	0.0536409	0.054795	0.858508	0.850162	
1250	0.0028318	-0.540845	0.518459	0.245306	3.54549e-06	2.81702e-05	0.262398	0.505746	-0.560865	0.264431	0.508903	-0.561099	0.33313	0.640137	-0.547476	0.930284	1	0.518459	0.0807601	0.0830072	0.784047	0.767842	
1300	0.0028318	-0.551313	0.555467	0.276961	9.50669e-07	3.95308e-05	0.2786	0.50722	-0.594116	0.281461	0.51163	-0.594457	0.34774	0.637207	-0.58299	0.642165	1	0.555467	0.198584	0.203931	0.458886	0.399147	

300	0.0205272	-0.0966789	0.5	-0.0966789	1.04034e-12	2.35447e-11	-0.0173661	0.5	-0.0966789	-0.0173661	0.5	-0.0966789	0.0544752	0.748535	-0.0389722	1	1	0.5	1.08507e-07	1.08507e-07	1	1	
350	0.0205272	-0.110956	0.5	-0.0954891	8.23785e-12	1.88192e-10	-0.00401236	0.5	-0.110956	-0.00401236	0.5	-0.110956	0.0681808	0.742676	-0.0556328	1	1	0.5	8.68056e-07	8.68056e-07	0.999999	0.999999	
400	0.0205272	-0.127033	0.500003	-0.0921312	8.828e-11	1.87702e-09	0.00739479	0.500003	-0.127034	0.00739479	0.500001	-0.127034	0.0798277	0.737793	-0.074139	0.999998	1	0.500003	6.36574e-06	6.36574e-06	0.999991	0.999991	
450	0.0205272	-0.144664	0.500011	-0.0866665	2.55103e-10	5.90082e-09	0.0211494	0.500011	-0.144667	0.0211494	0.500006	-0.144667	0.0938704	0.73291	-0.0942313	0.999993	1	0.500011	2.43056e-05	2.43056e-05	0.999972	0.999972	
500	0.0205272	-0.163737	0.500034	-0.0791628	1.19572e-09	2.60601e-08	0.0331706	0.500036	-0.16375	0.0331706	0.500018	-0.16375	0.106138	0.727051	-0.115804	0.999972	1	0.500034	8.28993e-05	8.27546e-05	0.999888	0.999888	
550	0.0205272	-0.184086	0.500095	-0.0696879	3.24316e-09	6.65055e-08	0.0471482	0.500093	-0.184121	0.0471482	0.500047	-0.184121	0.12038	0.723145	-0.138691	0.999923	1	0.500095	0.000228733	0.000229311	0.999692	0.999692	
600	0.0205272	-0.205629	0.500198	-0.0583089	6.3569e-09	1.54877e-07	0.0597001	0.500205	-0.205709	0.0597001	0.500102	-0.205709	0.13311	0.718262	-0.162814	0.999828	1	0.500198	0.000493056	0.000490741	0.999314	0.999313	
650	0.0205272	-0.228236	0.500379	-0.0450903	1.54012e-08	3.15889e-07	0.0739423	0.500398	-0.228406	0.0739442	0.500298	-0.228406	0.147518	0.713379	-0.188061	0.999634	1	0.500379	0.0009864	0.000988426	0.998541	0.998536	
700	0.0205272	-0.251844	0.500719	-0.0300941	2.46607e-08	5.50383e-07	0.0869708	0.500702	-0.252158	0.0869754	0.500527	-0.252158	0.160621	0.709473	-0.214373	0.999317	1	0.500719	0.00185127	0.00186053	0.99728	0.997271	
750	0.0205272	-0.276344	0.501154	-0.0133798	4.56468e-08	9.71423e-07	0.101511	0.50115	-0.276891	0.101521	0.501012	-0.276891	0.175181	0.70459	-0.241669	0.998803	1	0.501154	0.00309028	0.00309896	0.995243	0.995224	
800	0.0205272	-0.301691	0.501803	0.00499605	7.62207e-08	1.49605e-06	0.115059	0.50177	-0.302563	0.115082	0.501682	-0.302565	0.188616	0.700684	-0.269902	0.998067	1	0.501803	0.00488006	0.00489829	0.992354	0.992296	
850	0.0205272	-0.327749	0.502788	0.0249783	1.11101e-07	2.57931e-06	0.129992	0.502591	-0.329123	0.130044	0.502569	-0.329127	0.20334	0.696777	-0.299012	0.996895	1	0.502788	0.00763108	0.00767535	0.987804	0.987655	
900	0.0205272	-0.35449	0.504076	0.0465134	1.78773e-07	3.41577e-06	0.144078	0.503637	-0.356539	0.144175	0.503633	-0.356548	0.217056	0.692871	-0.328962	0.995274	1	0.504076	0.0112801	0.0113681	0.981556	0.981313	
950	0.0205272	-0.381802	0.505588	0.0695501	2.79118e-07	4.68e-06	0.159456	0.504927	-0.384771	0.159633	0.505076	-0.384788	0.231928	0.688965	-0.359703	0.992968	1	0.505588	0.0159546	0.0160492	0.972881	0.97231	
1000	0.0205272	-0.4096	0.507839	0.0940369	4.07543e-07	6.96963e-06	0.174097	0.506478	-0.413796	0.174404	0.506842	-0.413825	0.245913	0.685059	-0.391206	0.989705	1	0.507839	0.0225339	0.0227276	0.960904	0.959808	
1050	0.0205272	-0.437705	0.510822	0.119921	6.17426e-07	1.00413e-05	0.189948	0.508305	-0.443581	0.190447	0.508902	-0.443632	0.260953	0.682129	-0.423433	0.984824	1	0.510822	0.0314236	0.031829	0.943672	0.94172	
1100	0.0205272	-0.466031	0.514371	0.147149	8.94443e-07	1.33126e-05	0.205191	0.510417	-0.474108	0.205975	0.511458	-0.474191	0.275188	0.678223	-0.456359	0.97797	1	0.514371	0.0426991	0.043276	0.920458	0.9168	
1150	0.0205272	-0.494118	0.520155	0.17566	1.37339e-06	1.78438e-05	0.221566	0.512821	-0.505352	0.222752	0.514472	-0.505483	0.290392	0.675293	-0.489953	0.966483	1	0.520155	0.0600035	0.0609667	0.884595	0.877994	
1200	0.0205272	-0.521388	0.528809	0.205373	2.23156e-06	2.66164e-05	0.237412	0.515521	-0.537297	0.239158	0.518002	-0.537497	0.304863	0.671387	-0.524193	0.945835	1	0.528809	0.0860579	0.0874928	0.827592	0.814889	
1250	0.0205272	-0.530288	0.581147	0.23584	8.60417e-07	3.88107e-05	0.25433	0.518517	-0.569925	0.256826	0.522111	-0.570221	0.320233	0.668457	-0.559054	0.643991	1	0.581147	0.232135	0.236796	0.487814	0.430484	

300	0.0382227	-0.105527	0.5	-0.105527	3.8572e-12	1.01984e-10	-0.0262138	0.5	-0.105527	-0.0262138	0.5	-0.105527	0.0402915	0.782715	-0.0525195	1	1	0.5	4.70197e-07	4.70197e-07	1	1	
350	0.0382227	-0.119803	0.500003	-0.104337	5.48201e-11	1.49498e-09	-0.0128599	0.500002	-0.119804	-0.0128599	0.500001	-0.119804	0.0540304	0.775879	-0.0690768	0.999998	1	0.500003	6.94444e-06	6.94444e-06	0.999993	0.999993	
400	0.0382227	-0.135881	0.500008	-0.100979	1.16297e-10	3.26925e-09	-0.00145185	0.500009	-0.135882	-0.00145185	0.500004	-0.135882	0.0657071	0.770996	-0.0874841	0.999996	1	0.500008	1.53356e-05	1.53356e-05	0.999985	0.999985	
450	0.0382227	-0.153507	0.500037	-0.0955147	5.74798e-10	1.64568e-08	0.0123055	0.500034	-0.153515	0.0123055	0.500017	-0.153515	0.0797806	0.765137	-0.107481	0.999981	1	0.500037	7.42187e-05	7.42187e-05	0.999924	0.999924	
500	0.0382227	-0.172578	0.500096	-0.0880116	1.51966e-09	4.50002e-08	0.0243332	0.5001	-0.172599	0.0243332	0.50005	-0.172599	0.0920802	0.759277	-0.128962	0.999949	1	0.500096	0.000195457	0.000195457	0.999797	0.999796	
550	0.0382227	-0.192916	0.500254	-0.0785381	3.79644e-09	1.16909e-07	0.0383236	0.500242	-0.192972	0.0383236	0.500121	-0.192972	0.106355	0.754395	-0.151761	0.999865	1	0.500254	0.000518808	0.000519387	0.999459	0.999459	
600	0.0382227	-0.214443	0.500473	-0.0671616	8.88492e-09	2.44875e-07	0.050897	0.500507	-0.214562	0.0508979	0.500381	-0.214563	0.119116	0.749512	-0.175799	0.999717	1	0.500473	0.00100666	0.00100723	0.99887	0.998866	
650	0.0382227	-0.237023	0.501003	-0.0539473	1.75961e-08	5.13271e-07	0.0651717	0.500947	-0.237265	0.0651742	0.500831	-0.237265	0.133557	0.744629	-0.200963	0.999411	1	0.501003	0.00211748	0.00212124	0.997657	0.997648	
700	0.0382227	-0.260601	0.501638	-0.0389577	2.91728e-08	9.05425e-07	0.0782453	0.501615	-0.261026	0.0782519	0.501419	-0.261026	0.146693	0.739746	-0.227195	0.998971	1	0.501638	0.00353559	0.00354282	0.995915	0.995891	
750	0.0382227	-0.285064	0.502653	-0.0222524	5.12986e-08	1.48019e-06	0.0928443	0.502562	-0.28577	0.0928595	0.502425	-0.285772	0.161285	0.73584	-0.254412	0.998277	1	0.502653	0.00578848	0.00579196	0.99319	0.993134	
800	0.0382227	-0.310351	0.504061	-0.00388873	8.0861e-08	2.34595e-06	0.106464	0.503834	-0.31146	0.106499	0.503777	-0.311462	0.174755	0.730957	-0.28257	0.997257	1	0.504061	0.00894705	0.00896962	0.989254	0.989108	
850	0.0382227	-0.336341	0.505873	0.0160773	1.27242e-07	3.92566e-06	0.121484	0.505467	-0.338041	0.121555	0.505416	-0.338047	0.189515	0.727051	-0.311606	0.995748	1	0.505873	0.0132419	0.0132784	0.983471	0.983161	
900	0.0382227	-0.362991	0.508387	0.0375916	1.86149e-07	4.95248e-06	0.135668	0.50749	-0.365484	0.135801	0.507619	-0.365496	0.203268	0.722168	-0.341485	0.993602	1	0.508387	0.019148	0.0192065	0.97546	0.974837	
950	0.0382227	-0.390195	0.511531	0.0606019	2.89894e-07	6.736e-06	0.151155	0.509921	-0.393748	0.151392	0.510295	-0.393772	0.218179	0.718262	-0.372157	0.990623	1	0.511531	0.0267465	0.0269062	0.96462	0.963424	
1000	0.0382227	-0.417852	0.515551	0.0850559	4.65661e-07	1.00881e-05	0.165916	0.512772	-0.422811	0.166315	0.513388	-0.422852	0.232204	0.714355	-0.403593	0.986389	1	0.515551	0.036667	0.0369112	0.949748	0.94772	
1050	0.0382227	-0.445755	0.520657	0.110899	6.67079e-07	1.4108e-05	0.181894	0.516049	-0.452641	0.182538	0.517151	-0.45271	0.247278	0.710449	-0.435755	0.980177	1	0.520657	0.049781	0.0501131	0.928694	0.925236	
1100	0.0382227	-0.473632	0.527993	0.13807	1.15499e-06	2.02292e-05	0.197272	0.519749	-0.483219	0.198269	0.521508	-0.483329	0.261561	0.70752	-0.468617	0.970149	1	0.527993	0.068579	0.0691421	0.897408	0.891022	
1150	0.0382227	-0.50096	0.538942	0.166496	2.09744e-06	3.26803e-05	0.213788	0.523866	-0.514521	0.215284	0.52651	-0.514691	0.276806	0.703613	-0.50215	0.95248	1	0.538942	0.0966785	0.0977271	0.848201	0.836527	
1200	0.0382227	-0.509812	0.607891	0.195708	8.18785e-07	4.31909e-05	0.229779	0.52839	-0.54653	0.231958	0.532215	-0.546787	0.291323	0.699707	-0.53633	0.651541	1	0.607891	0.270746	0.274607	0.512146	0.454767	

300	0.0559181	-0.114374	0.500001	-0.114374	1.4648e-11	4.69773e-10	-0.0350614	0.500001	-0.114374	-0.0350614	0.5	-0.114374	0.0254648	0.815918	-0.0666583	0.999999	1	0.500001	2.17014e-06	2.17014e-06	0.999998	0.999998	
350	0.0559181	-0.128651	0.500004	-0.113185	5.44724e-11	1.8034e-09	-0.0217069	0.500005	-0.128652	-0.0217069	0.500002	-0.128652	0.0392411	0.809082	-0.0831039	0.999998	1	0.500004	8.3912e-06	8.3912e-06	0.999992	0.999992	
400	0.0559181	-0.144724	0.500031	-0.109827	4.08614e-10	1.40938e-08	-0.0102967	0.500025	-0.14473	-0.0102967	0.500012	-0.14473	0.0509515	0.802246	-0.101405	0.999984	1	0.500031	6.25e-05	6.25e-05	0.999938	0.999938	
450	0.0559181	-0.162348	0.500086	-0.104363	1.16028e-09	4.11028e-08	0.00346719	0.500086	-0.162364	0.00346719	0.500043	-0.162364	0.0650628	0.796387	-0.1213	0.999957	1	0.500086	0.000171586	0.000171586	0.999828	0.999827	
500	0.0559181	-0.181406	0.500233	-0.096862	2.7386e-09	1.00728e-07	0.015509	0.500234	-0.181449	0.015509	0.500117	-0.181449	0.0773953	0.790527	-0.142682	0.999884	1	0.500233	0.000465278	0.000465278	0.999535	0.999535	
550	0.0559181	-0.201725	0.500524	-0.0873917	5.99413e-09	2.28455e-07	0.0295252	0.500533	-0.201826	0.0295259	0.5004	-0.201826	0.0917061	0.785645	-0.165386	0.999731	1	0.500524	0.00105729	0.00105671	0.998929	0.998925	
600	0.0559181	-0.223214	0.501093	-0.0760209	1.22772e-08	4.65608e-07	0.0421399	0.501057	-0.223424	0.0421419	0.500928	-0.223424	0.104505	0.779785	-0.189333	0.999433	1	0.501093	0.00221181	0.00221036	0.997749	0.997734	
650	0.0559181	-0.245759	0.501927	-0.0628155	2.39308e-08	9.01075e-07	0.0564743	0.501887	-0.246137	0.0564796	0.50166	-0.246137	0.118982	0.774902	-0.214409	0.998979	1	0.501927	0.00392332	0.00392598	0.995956	0.995923	
700	0.0559181	-0.269282	0.503132	-0.0478381	4.35407e-08	1.57323e-06	0.0696275	0.503099	-0.269914	0.0696399	0.502938	-0.269915	0.132152	0.77002	-0.240555	0.998289	1	0.503132	0.00643345	0.00644039	0.993264	0.993187	
750	0.0559181	-0.29367	0.504972	-0.0311497	6.92814e-08	2.6995e-06	0.0843263	0.504761	-0.294681	0.0843552	0.504702	-0.294684	0.146781	0.765137	-0.26769	0.997225	1	0.504972	0.0102659	0.0102766	0.98916	0.988987	
800	0.0559181	-0.318842	0.507592	-0.0128093	1.02737e-07	3.7544e-06	0.0980653	0.50693	-0.3204	0.098126	0.507019	-0.320406	0.16029	0.760254	-0.295766	0.995649	1	0.507592	0.0157677	0.0157983	0.983161	0.982782	
850	0.0559181	-0.344742	0.510663	0.0071271	1.4475e-07	5.41732e-06	0.113221	0.509644	-0.34702	0.113336	0.509846	-0.347031	0.175086	0.756348	-0.324725	0.993538	1	0.510663	0.0224459	0.0225009	0.975352	0.974689	
900	0.0559181	-0.371264	0.514916	0.0286053	2.26227e-07	7.73139e-06	0.127557	0.51293	-0.374509	0.127763	0.513471	-0.37453	0.188881	0.751465	-0.354527	0.990562	1	0.514916	0.0317099	0.0317704	0.964641	0.963309	
950	0.0559181	-0.398226	0.520375	0.0515693	3.26428e-07	1.1235e-05	0.143207	0.516799	-0.402829	0.143558	0.517807	-0.402866	0.203833	0.747559	-0.385126	0.986081	1	0.520375	0.0439615	0.0441302	0.949154	0.946685	
1000	0.0559181	-0.425626	0.527505	0.0759638	4.68235e-07	1.54742e-05	0.158141	0.521252	-0.431956	0.158709	0.522785	-0.432019	0.217897	0.742676	-0.41649	0.979903	1	0.527505	0.0599742	0.0602642	0.928942	0.92477	
1050	0.0559181	-0.453043	0.536923	0.101729	8.08087e-07	2.18291e-05	0.1743	0.52628	-0.461859	0.175187	0.52868	-0.46196	0.233013	0.73877	-0.448583	0.970004	1	0.536923	0.0819155	0.0823724	0.898857	0.891744	
1100	0.0559181	-0.479797	0.551812	0.128783	1.82498e-06	3.98037e-05	0.189863	0.531867	-0.492518	0.191203	0.535404	-0.492677	0.247338	0.734863	-0.481378	0.950995	1	0.551812	0.116892	0.1177	0.848125	0.834791	
1150	0.0559181	-0.490359	0.63473	0.156686	7.3156e-07	4.24588e-05	0.206565	0.537989	-0.52391	0.208538	0.543008	-0.52415	0.262625	0.730957	-0.514845	0.665092	1	0.63473	0.311385	0.314567	0.53721	0.479852	

300	0.0736136	-0.123222	0.500003	-0.123222	2.83612e-11	1.1235e-09	-0.0439089	0.500002	-0.123222	-0.0439089	0.500001	-0.123222	0.0100026	0.848145	-0.081377	0.999999	1	0.500003	5.20833e-06	5.20833e-06	0.999995	0.999995	
350	0.0736136	-0.137496	0.500018	-0.122033	1.8508e-10	7.5953e-09	-0.0305528	0.500016	-0.137499	-0.0305528	0.500008	-0.137499	0.0238218	0.840332	-0.0977018	0.999991	1	0.500018	3.55903e-05	3.55903e-05	0.999964	0.999964	
400	0.0736136	-0.153567	0.500067	-0.118676	7.38409e-10	3.14548e-08	-0.019137	0.500069	-0.153579	-0.019137	0.500034	-0.153579	0.0355713	0.834473	-0.115888	0.999966	1	0.500067	0.000134549	0.000134549	0.999865	0.999865	
450	0.0736136	-0.171176	0.500226	-0.113214	2.04642e-09	9.07161e-08	-0.00535921	0.500215	-0.171214	-0.0053592	0.500108	-0.171214	0.0497239	0.827637	-0.135673	0.999887	1	0.500226	0.000452257	0.000452257	0.999548	0.999548	
500	0.0736136	-0.190212	0.500546	-0.105716	5.45967e-09	2.527e-07	0.00671043	0.500537	-0.190303	0.00671103	0.500403	-0.190303	0.0620962	0.821777	-0.156951	0.999727	1	0.500546	0.00109201	0.00109201	0.99891	0.998909	
550	0.0736136	-0.210492	0.501169	-0.0962522	1.05298e-08	5.13629e-07	0.0207739	0.501135	-0.210688	0.0207759	0.500997	-0.210688	0.0764497	0.815918	-0.179554	0.999413	1	0.501169	0.00234129	0.00234144	0.997666	0.997654	
600	0.0736136	-0.231924	0.502234	-0.0848926	1.98254e-08	1.00608e-06	0.0334596	0.502123	-0.232298	0.0334652	0.502009	-0.232299	0.0892861	0.810059	-0.203403	0.99887	1	0.502234	0.0044809	0.00448293	0.995529	0.995488	
650	0.0736136	-0.254395	0.503793	-0.0717036	3.26323e-08	1.6857e-06	0.0478915	0.503606	-0.255032	0.0479058	0.503429	-0.255033	0.103805	0.804199	-0.228386	0.998064	1	0.503793	0.00762934	0.0076331	0.992391	0.992295	
700	0.0736136	-0.277807	0.50606	-0.05675	5.08549e-08	2.73162e-06	0.0611691	0.505681	-0.278837	0.0612008	0.50564	-0.27884	0.117013	0.799316	-0.254441	0.996834	1	0.50606	0.012259	0.0122642	0.987678	0.987454	
750	0.0736136	-0.302076	0.509243	-0.0400934	9.3285e-08	4.79216e-06	0.0760186	0.508425	-0.303643	0.076084	0.508602	-0.303649	0.13168	0.794434	-0.281487	0.9951	1	0.509243	0.0187569	0.0187642	0.981211	0.980668	
800	0.0736136	-0.327117	0.513457	-0.0217932	1.36387e-07	6.88077e-06	0.0899312	0.511892	-0.329411	0.0900556	0.512407	-0.329424	0.145229	0.789551	-0.309479	0.992682	1	0.513457	0.0274456	0.0274647	0.972369	0.971308	
850	0.0736136	-0.35281	0.519127	-0.00190754	1.90455e-07	1.04651e-05	0.105281	0.516117	-0.356091	0.105499	0.517012	-0.356115	0.160068	0.784668	-0.338354	0.989219	1	0.519127	0.03926	0.0392907	0.96024	0.958343	
900	0.0736136	-0.379106	0.526209	0.0195072	2.78175e-07	1.35937e-05	0.119824	0.52111	-0.383653	0.120189	0.522734	-0.383695	0.173906	0.779785	-0.368076	0.98452	1	0.526209	0.0541913	0.0542705	0.944489	0.941172	
950	0.0736136	-0.405779	0.535675	0.0423933	4.47972e-07	2.04604e-05	0.135694	0.526866	-0.412057	0.136276	0.529476	-0.412128	0.188903	0.774902	-0.398597	0.977527	1	0.535675	0.0744738	0.0745878	0.922459	0.916821	
1000	0.0736136	-0.432653	0.548153	0.0666885	7.4624e-07	3.23735e-05	0.150856	0.533366	-0.44128	0.151751	0.537277	-0.441393	0.203008	0.770996	-0.429886	0.966865	1	0.548153	0.101595	0.101859	0.891628	0.882377	
1050	0.0736136	-0.458721	0.568667	0.0923072	1.55743e-06	5.87141e-05	0.167245	0.540583	-0.471291	0.168584	0.546174	-0.471464	0.218168	0.766113	-0.461904	0.944015	1	0.568667	0.146945	0.147511	0.836368	0.819072	
1100	0.0736136	-0.471598	0.664089	0.118853	5.03685e-07	4.09298e-05	0.183037	0.548479	-0.502069	0.18499	0.556205	-0.502327	0.232539	0.762207	-0.494628	0.664759	1	0.664089	0.359306	0.362032	0.559176	0.50287	

300	0.091309	-0.132069	0.500005	-0.13207	4.08516e-11	2.04939e-09	-0.0527555	0.500009	-0.13207	-0.0527555	0.500005	-0.13207	-0.00608366	0.879395	-0.0966598	0.999998	1	0.500005	9.54861e-06	9.54861e-06	0.99999	0.99999	
350	0.091309	-0.14634	0.50005	-0.130881	4.27782e-10	2.23313e-08	-0.0393951	0.500052	-0.146348	-0.0393951	0.500026	-0.146348	0.00778619	0.871582	-0.112855	0.999975	1	0.50005	0.000100694	0.000100694	0.999899	0.999899	
400	0.091309	-0.1624	0.500187	-0.127525	1.45267e-09	7.93789e-08	-0.0279662	0.500192	-0.162428	-0.0279662	0.500096	-0.162428	0.0195818	0.864746	-0.130918	0.999906	1	0.500187	0.000375	0.000375	0.999626	0.999625	
450	0.091309	-0.179988	0.500523	-0.122067	3.91265e-09	2.243e-07	-0.0141594	0.500536	-0.180068	-0.0141588	0.500403	-0.180068	0.0337818	0.85791	-0.150586	0.999739	1	0.500523	0.00104557	0.00104557	0.998958	0.998955	
500	0.091309	-0.198975	0.501277	-0.114576	9.51359e-09	5.7715e-07	-0.00203729	0.501221	-0.199166	-0.00203545	0.501074	-0.199166	0.0461996	0.851074	-0.171752	0.999361	1	0.501277	0.00255469	0.00255469	0.997467	0.997447	
550	0.091309	-0.219193	0.502507	-0.105125	1.61021e-08	1.01862e-06	0.0121086	0.502401	-0.219566	0.0121151	0.502278	-0.219566	0.0606005	0.845215	-0.194248	0.998744	1	0.502507	0.00501707	0.00501736	0.995037	0.994984	
600	0.091309	-0.240538	0.504482	-0.0937852	3.19074e-08	2.17034e-06	0.0249101	0.504222	-0.2412	0.0249283	0.504185	-0.241202	0.0734804	0.839355	-0.217994	0.997739	1	0.504482	0.00898235	0.00898495	0.991168	0.991016	
650	0.091309	-0.262904	0.507306	-0.0806239	4.70734e-08	3.34283e-06	0.0394924	0.506813	-0.263969	0.0395356	0.506958	-0.263973	0.0880426	0.833496	-0.242877	0.996309	1	0.507306	0.0146438	0.0146441	0.985734	0.985357	
700	0.091309	-0.286116	0.511892	-0.0657096	8.0992e-08	5.99761e-06	0.0529532	0.510276	-0.287822	0.053042	0.510629	-0.287832	0.101293	0.827637	-0.268836	0.993905	1	0.511892	0.0238984	0.0239012	0.976897	0.976007	
750	0.091309	-0.310224	0.517371	-0.0491053	1.21821e-07	9.51291e-06	0.0680154	0.514679	-0.31269	0.0681812	0.515595	-0.312709	0.116008	0.821777	-0.295789	0.990989	1	0.517371	0.0349734	0.0349896	0.966518	0.964867	
800	0.091309	-0.334994	0.525102	-0.0308717	1.66853e-07	1.28903e-05	0.0821645	0.520059	-0.338536	0.0824521	0.521834	-0.33857	0.129599	0.816895	-0.323691	0.986587	1	0.525102	0.0507613	0.0507972	0.951624	0.948543	
850	0.091309	-0.360437	0.534792	-0.011069	2.57848e-07	1.98487e-05	0.0977697	0.526426	-0.365308	0.0982381	0.529434	-0.365368	0.144481	0.812012	-0.352479	0.980731	1	0.534792	0.0706531	0.0707036	0.933073	0.927909	
900	0.091309	-0.386216	0.548299	0.0102403	4.47215e-07	3.36733e-05	0.11258	0.533763	-0.392978	0.113306	0.538456	-0.393076	0.158363	0.807129	-0.382116	0.9715	1	0.548299	0.0987769	0.0988799	0.906096	0.897394	
950	0.091309	-0.412081	0.567483	0.0329841	7.32023e-07	5.05555e-05	0.128723	0.542033	-0.421505	0.129806	0.548931	-0.421658	0.173405	0.802246	-0.412554	0.956166	1	0.567483	0.139126	0.139324	0.866907	0.851955	
1000	0.091309	-0.424799	0.689514	0.0567433	4.77248e-07	5.25795e-05	0.14416	0.551189	-0.450866	0.145727	0.56088	-0.451096	0.187558	0.797363	-0.443763	0.667343	1	0.689514	0.399269	0.401157	0.595128	0.538422	

300	0.109004	-0.140913	0.500036	-0.140918	2.61265e-10	1.7132e-08	-0.0615997	0.500035	-0.140918	-0.0615997	0.500018	-0.140918	-0.0227706	0.908691	-0.112485	0.999982	1	0.500036	7.29167e-05	7.29167e-05	0.999927	0.999927	
350	0.109004	-0.155173	0.500179	-0.13973	1.18986e-09	8.2182e-08	-0.0482273	0.500167	-0.155197	-0.0482273	0.500083	-0.155197	-0.00884237	0.900879	-0.128541	0.999911	1	0.500179	0.000357639	0.000357639	0.999643	0.999642	
400	0.109004	-0.171209	0.50054	-0.136379	3.09254e-09	2.25863e-07	-0.0367685	0.500537	-0.171282	-0.0367679	0.500403	-0.171282	0.00300402	0.893066	-0.146473	0.99973	1	0.50054	0.00108073	0.00108073	0.998925	0.998919	
450	0.109004	-0.18874	0.501447	-0.130929	8.09959e-09	6.2965e-07	-0.0229031	0.501336	-0.188931	-0.0229008	0.501176	-0.188931	0.0172592	0.88623	-0.166017	0.999276	1	0.501447	0.0028941	0.0028941	0.997137	0.997113	
500	0.109004	-0.207655	0.503006	-0.123455	1.73313e-08	1.46397e-06	-0.0106851	0.502778	-0.208047	-0.0106762	0.502647	-0.208048	0.0297295	0.879395	-0.187065	0.998497	1	0.503006	0.00601128	0.00601128	0.994109	0.994008	
550	0.109004	-0.227769	0.505501	-0.114029	2.77498e-08	2.52606e-06	0.00359912	0.505068	-0.228476	0.00362552	0.505067	-0.228479	0.0441815	0.872559	-0.209447	0.997248	1	0.505501	0.0110029	0.0110029	0.989318	0.989055	
600	0.109004	-0.248934	0.509783	-0.102727	5.26356e-08	5.254e-06	0.0165817	0.508378	-0.250155	0.0166464	0.508683	-0.250162	0.0571096	0.866699	-0.233084	0.995095	1	0.509783	0.0195715	0.0195712	0.981308	0.980615	
650	0.109004	-0.271088	0.515551	-0.0896204	7.8481e-08	8.41401e-06	0.031386	0.512832	-0.272985	0.0315232	0.513731	-0.273	0.0717217	0.86084	-0.257862	0.99215	1	0.515551	0.0311393	0.0311413	0.970804	0.969297	
700	0.109004	-0.294109	0.523533	-0.074776	1.13375e-07	1.34051e-05	0.0451032	0.518511	-0.296918	0.0453632	0.520434	-0.296949	0.0850193	0.85498	-0.283721	0.987964	1	0.523533	0.0472083	0.0472098	0.956496	0.953564	
750	0.109004	-0.317878	0.534638	-0.0582604	1.57054e-07	1.99702e-05	0.0604506	0.525445	-0.321884	0.0609007	0.528984	-0.321942	0.0997764	0.849121	-0.310576	0.981921	1	0.534638	0.0696033	0.0696172	0.937394	0.931891	
800	0.109004	-0.342297	0.549192	-0.0401387	2.60122e-07	3.28651e-05	0.0749041	0.53363	-0.347848	0.075628	0.539534	-0.347948	0.11342	0.843262	-0.338383	0.973349	1	0.549192	0.0991429	0.0991988	0.912552	0.903309	
850	0.109004	-0.366999	0.570787	-0.0204818	4.85937e-07	5.98043e-05	0.0908268	0.543026	-0.374758	0.0919239	0.552179	-0.374921	0.128346	0.838379	-0.36708	0.958985	1	0.570787	0.143318	0.143412	0.876189	0.860519	
900	0.109004	-0.38083	0.718191	0.000308319	3.12216e-07	5.45465e-05	0.105957	0.55357	-0.402585	0.107543	0.566947	-0.402835	0.142277	0.833496	-0.396628	0.683811	1	0.718191	0.448007	0.449557	0.628749	0.571539	

300	0.1267	-0.14975	0.500142	-0.149767	6.57938e-10	5.91647e-08	-0.0704352	0.500139	-0.149767	-0.0704352	0.50007	-0.149767	-0.0400174	0.937012	-0.128821	0.999929	1	0.500142	0.000283854	0.000283854	0.999717	0.999716	
350	0.1267	-0.163984	0.500575	-0.148584	2.64394e-09	2.54883e-07	-0.0570319	0.50054	-0.164051	-0.0570314	0.500405	-0.164051	-0.0260242	0.928223	-0.14473	0.999713	1	0.500575	0.00114931	0.00114931	0.998859	0.998851	
400	0.1267	-0.179962	0.5016	-0.145243	7.19151e-09	7.52961e-07	-0.0455067	0.501499	-0.180146	-0.0455038	0.501323	-0.180147	-0.0141193	0.92041	-0.162525	0.9992	1	0.5016	0.00320052	0.00320052	0.996848	0.996802	
450	0.1267	-0.197396	0.503753	-0.139813	1.47933e-08	1.71239e-06	-0.0315271	0.503327	-0.197818	-0.0315137	0.503192	-0.197819	0.000193008	0.912598	-0.181938	0.998123	1	0.503753	0.00750694	0.00750694	0.992702	0.992521	
500	0.1267	-0.216164	0.507375	-0.132372	2.8744e-08	3.65833e-06	-0.0191412	0.506316	-0.216971	-0.0190989	0.506541	-0.216975	0.0127194	0.905762	-0.202862	0.996312	1	0.507375	0.0147503	0.01475	0.985894	0.98537	
550	0.1267	-0.236041	0.513465	-0.122999	5.56045e-08	8.05258e-06	-0.00463435	0.510695	-0.237457	-0.0045256	0.51151	-0.237469	0.0272285	0.898926	-0.225125	0.993255	1	0.513465	0.0269332	0.026934	0.974868	0.973474	
600	0.1267	-0.25695	0.52256	-0.111773	8.34703e-08	1.42102e-05	0.00861872	0.516615	-0.259216	0.00885701	0.518637	-0.259243	0.0402097	0.89209	-0.248649	0.988641	1	0.52256	0.0451415	0.0451386	0.959275	0.956013	
650	0.1267	-0.278782	0.535107	-0.0987647	1.1493e-07	2.27153e-05	0.0237344	0.524147	-0.282149	0.0241977	0.528336	-0.282207	0.054874	0.88623	-0.273318	0.982156	1	0.535107	0.0702867	0.0703001	0.938753	0.932545	
700	0.1267	-0.301264	0.555086	-0.0840526	1.60823e-07	3.7395e-05	0.0377921	0.533303	-0.306211	0.0386076	0.541177	-0.306321	0.0682209	0.880371	-0.299072	0.971219	1	0.555086	0.110448	0.110438	0.908365	0.8962	
750	0.1267	-0.324223	0.584564	-0.0677175	2.99579e-07	7.49221e-05	0.0535002	0.544035	-0.331332	0.0548216	0.557252	-0.331525	0.0830289	0.874512	-0.325826	0.953	1	0.584564	0.169954	0.169994	0.866199	0.844779	
800	0.1267	-0.339835	0.755515	-0.0500967	1.51021e-07	5.16036e-05	0.0683217	0.556261	-0.357474	0.0703146	0.577142	-0.357789	0.0967189	0.868652	-0.353534	0.691222	1	0.755515	0.517029	0.517959	0.659663	0.60404	

300	0.144395	-0.158562	0.500584	-0.158621	1.9832e-09	2.62771e-07	-0.0792424	0.500548	-0.15862	-0.0792418	0.500412	-0.15862	-0.0577446	0.961426	-0.145619	0.999708	1	0.500584	0.00116732	0.00116732	0.998843	0.998833	
350	0.144395	-0.172727	0.501954	-0.157451	6.39651e-09	9.43407e-07	-0.0657619	0.501745	-0.172916	-0.0657575	0.501546	-0.172917	-0.0436887	0.952637	-0.161379	0.999023	1	0.501954	0.00390712	0.00390712	0.996177	0.996096	
400	0.144395	-0.188576	0.504939	-0.154137	1.50995e-08	2.54831e-06	-0.0540965	0.504184	-0.18904	-0.0540754	0.504223	-0.189042	-0.0317258	0.944824	-0.179033	0.99753	1	0.504939	0.00987804	0.00987804	0.990514	0.990164	
450	0.144395	-0.205809	0.510657	-0.148755	3.36895e-08	6.7834e-06	-0.0399057	0.508288	-0.206762	-0.0398311	0.508823	-0.206769	-0.017355	0.937012	-0.198312	0.994671	1	0.510657	0.0213142	0.0213142	0.980182	0.97895	
500	0.144395	-0.224215	0.521417	-0.141393	5.66937e-08	1.45757e-05	-0.0272411	0.514361	-0.225992	-0.0270357	0.516378	-0.226015	-0.00476907	0.930176	-0.219108	0.989263	1	0.521417	0.0428365	0.0428368	0.961946	0.958364	
550	0.144395	-0.243651	0.538647	-0.132139	9.40354e-08	3.1954e-05	-0.0123963	0.522567	-0.246586	-0.0119186	0.527532	-0.246643	0.00979732	0.92334	-0.24125	0.980492	1	0.538647	0.0773111	0.0773084	0.935329	0.926766	
600	0.144395	-0.263799	0.569909	-0.121085	1.57318e-07	7.32883e-05	0.0012365	0.532945	-0.268486	0.0022134	0.543958	-0.268611	0.0228306	0.916504	-0.264658	0.963804	1	0.569909	0.139922	0.139933	0.893102	0.874071	
650	0.144395	-0.278827	0.797947	-0.108566	7.45222e-08	6.9971e-05	0.0167613	0.545428	-0.291593	0.018577	0.56704	-0.291841	0.037549	0.909668	-0.289214	0.702888	1	0.797947	0.597708	0.598149	0.709038	0.657972	

300	0.162091	-0.167291	0.5025	-0.167496	5.41995e-09	1.25026e-06	-0.0879599	0.502155	-0.167488	-0.0879533	0.502072	-0.167489	-0.0757981	0.97998	-0.162805	0.99875	1	0.5025	0.00499913	0.00499913	0.995159	0.995009	
350	0.162091	-0.181242	0.507981	-0.166368	1.61859e-08	4.80778e-06	-0.0742987	0.505642	-0.181823	-0.074259	0.505841	-0.181826	-0.0617067	0.973145	-0.178423	0.996008	1	0.507981	0.0159627	0.0159627	0.985187	0.984174	
400	0.162091	-0.196666	0.521039	-0.163142	4.04226e-08	1.75414e-05	-0.0623579	0.511683	-0.198017	-0.062201	0.513383	-0.198033	-0.0497066	0.965332	-0.19594	0.989466	1	0.521039	0.0420775	0.0420773	0.963682	0.959167	
450	0.162091	-0.212862	0.560069	-0.157939	1.08119e-07	0.000105416	-0.0478045	0.520646	-0.215849	-0.0473226	0.526744	-0.215903	-0.035286	0.958496	-0.215088	0.96952	1	0.560069	0.120145	0.120146	0.912375	0.893294	

