This is pdfTeX, Version 3.14159265-2.6-1.40.19 (TeX Live 2018/Cygwin) (preloaded format=pdflatex 2018.8.30)  6 DEC 2023 12:55
entering extended mode
 restricted \write18 enabled.
 %&-line parsing enabled.
**./images.tex
(./images.tex
LaTeX2e <2018-04-01> patch level 2
Babel <3.18> and hyphenation patterns for 3 language(s) loaded.

(/usr/share/texmf-dist/tex/latex/base/book.cls
Document Class: book 2014/09/29 v1.4h Standard LaTeX document class
(/usr/share/texmf-dist/tex/latex/base/bk10.clo
File: bk10.clo 2014/09/29 v1.4h Standard LaTeX file (size option)
)
\c@part=\count80
\c@chapter=\count81
\c@section=\count82
\c@subsection=\count83
\c@subsubsection=\count84
\c@paragraph=\count85
\c@subparagraph=\count86
\c@figure=\count87
\c@table=\count88
\abovecaptionskip=\skip41
\belowcaptionskip=\skip42
\bibindent=\dimen102
) (/usr/share/texmf-dist/tex/latex/base/ifthen.sty
Package: ifthen 2014/09/29 v1.1c Standard LaTeX ifthen package (DPC)
) (/usr/share/texmf-site/tex/latex/html/html.sty (/usr/share/texmf-dist/tex/lat
ex/hyperref/hyperref.sty
Package: hyperref 2018/02/06 v6.86b Hypertext links for LaTeX
(/usr/share/texmf-dist/tex/generic/oberdiek/hobsub-hyperref.sty
Package: hobsub-hyperref 2016/05/16 v1.14 Bundle oberdiek, subset hyperref (HO)

(/usr/share/texmf-dist/tex/generic/oberdiek/hobsub-generic.sty
Package: hobsub-generic 2016/05/16 v1.14 Bundle oberdiek, subset generic (HO)
Package: hobsub 2016/05/16 v1.14 Construct package bundles (HO)
Package: infwarerr 2016/05/16 v1.4 Providing info/warning/error messages (HO)
Package: ltxcmds 2016/05/16 v1.23 LaTeX kernel commands for general use (HO)
Package: ifluatex 2016/05/16 v1.4 Provides the ifluatex switch (HO)
Package ifluatex Info: LuaTeX not detected.
Package: ifvtex 2016/05/16 v1.6 Detect VTeX and its facilities (HO)
Package ifvtex Info: VTeX not detected.
Package: intcalc 2016/05/16 v1.2 Expandable calculations with integers (HO)
Package: ifpdf 2017/03/15 v3.2 Provides the ifpdf switch
Package: etexcmds 2016/05/16 v1.6 Avoid name clashes with e-TeX commands (HO)
Package etexcmds Info: Could not find \expanded.
(etexcmds)             That can mean that you are not using pdfTeX 1.50 or
(etexcmds)             that some package has redefined \expanded.
(etexcmds)             In the latter case, load this package earlier.
Package: kvsetkeys 2016/05/16 v1.17 Key value parser (HO)
Package: kvdefinekeys 2016/05/16 v1.4 Define keys (HO)
Package: pdftexcmds 2018/01/30 v0.27 Utility functions of pdfTeX for LuaTeX (HO
)
Package pdftexcmds Info: LuaTeX not detected.
Package pdftexcmds Info: \pdf@primitive is available.
Package pdftexcmds Info: \pdf@ifprimitive is available.
Package pdftexcmds Info: \pdfdraftmode found.
Package: pdfescape 2016/05/16 v1.14 Implements pdfTeX's escape features (HO)
Package: bigintcalc 2016/05/16 v1.4 Expandable calculations on big integers (HO
)
Package: bitset 2016/05/16 v1.2 Handle bit-vector datatype (HO)
Package: uniquecounter 2016/05/16 v1.3 Provide unlimited unique counter (HO)
)
Package hobsub Info: Skipping package `hobsub' (already loaded).
Package: letltxmacro 2016/05/16 v1.5 Let assignment for LaTeX macros (HO)
Package: hopatch 2016/05/16 v1.3 Wrapper for package hooks (HO)
Package: xcolor-patch 2016/05/16 xcolor patch
Package: atveryend 2016/05/16 v1.9 Hooks at the very end of document (HO)
Package atveryend Info: \enddocument detected (standard20110627).
Package: atbegshi 2016/06/09 v1.18 At begin shipout hook (HO)
Package: refcount 2016/05/16 v3.5 Data extraction from label references (HO)
Package: hycolor 2016/05/16 v1.8 Color options for hyperref/bookmark (HO)
) (/usr/share/texmf-dist/tex/latex/graphics/keyval.sty
Package: keyval 2014/10/28 v1.15 key=value parser (DPC)
\KV@toks@=\toks14
) (/usr/share/texmf-dist/tex/generic/ifxetex/ifxetex.sty
Package: ifxetex 2010/09/12 v0.6 Provides ifxetex conditional
) (/usr/share/texmf-dist/tex/latex/oberdiek/auxhook.sty
Package: auxhook 2016/05/16 v1.4 Hooks for auxiliary files (HO)
) (/usr/share/texmf-dist/tex/latex/oberdiek/kvoptions.sty
Package: kvoptions 2016/05/16 v3.12 Key value format for package options (HO)
)
\@linkdim=\dimen103
\Hy@linkcounter=\count89
\Hy@pagecounter=\count90
(/usr/share/texmf-dist/tex/latex/hyperref/pd1enc.def
File: pd1enc.def 2018/02/06 v6.86b Hyperref: PDFDocEncoding definition (HO)
Now handling font encoding PD1 ...
... no UTF-8 mapping file for font encoding PD1
)
\Hy@SavedSpaceFactor=\count91
(/usr/share/texmf-dist/tex/latex/latexconfig/hyperref.cfg
File: hyperref.cfg 2002/06/06 v1.2 hyperref configuration of TeXLive
)
Package hyperref Info: Hyper figures OFF on input line 4509.
Package hyperref Info: Link nesting OFF on input line 4514.
Package hyperref Info: Hyper index ON on input line 4517.
Package hyperref Info: Plain pages OFF on input line 4524.
Package hyperref Info: Backreferencing OFF on input line 4529.
Package hyperref Info: Implicit mode ON; LaTeX internals redefined.
Package hyperref Info: Bookmarks ON on input line 4762.
\c@Hy@tempcnt=\count92
(/usr/share/texmf-dist/tex/latex/url/url.sty
\Urlmuskip=\muskip10
Package: url 2013/09/16  ver 3.4  Verb mode for urls, etc.
)
LaTeX Info: Redefining \url on input line 5115.
\XeTeXLinkMargin=\dimen104
\Fld@menulength=\count93
\Field@Width=\dimen105
\Fld@charsize=\dimen106
Package hyperref Info: Hyper figures OFF on input line 6369.
Package hyperref Info: Link nesting OFF on input line 6374.
Package hyperref Info: Hyper index ON on input line 6377.
Package hyperref Info: backreferencing OFF on input line 6384.
Package hyperref Info: Link coloring OFF on input line 6389.
Package hyperref Info: Link coloring with OCG OFF on input line 6394.
Package hyperref Info: PDF/A mode OFF on input line 6399.
LaTeX Info: Redefining \ref on input line 6439.
LaTeX Info: Redefining \pageref on input line 6443.
\Hy@abspage=\count94
\c@Item=\count95
\c@Hfootnote=\count96
)
Package hyperref Info: Driver: hpdftex.
(/usr/share/texmf-dist/tex/latex/hyperref/hpdftex.def
File: hpdftex.def 2018/02/06 v6.86b Hyperref driver for pdfTeX
\Fld@listcount=\count97
\c@bookmark@seq@number=\count98
(/usr/share/texmf-dist/tex/latex/oberdiek/rerunfilecheck.sty
Package: rerunfilecheck 2016/05/16 v1.8 Rerun checks for auxiliary files (HO)
Package uniquecounter Info: New unique counter `rerunfilecheck' on input line 2
82.
)
\Hy@SectionHShift=\skip43
)
Package: html 1999/07/19 v1.38 hypertext commands for latex2html (nd, hws, rrm)

\c@lpart=\count99
\c@lchapter=\count100
\c@lsection=\count101
\c@lsubsection=\count102
\c@lsubsubsection=\count103
\c@lparagraph=\count104
\c@lsubparagraph=\count105
\c@lsubsubparagraph=\count106
\ptrfile=\write3
) (/usr/share/texmf-dist/tex/latex/graphics/graphicx.sty
Package: graphicx 2017/06/01 v1.1a Enhanced LaTeX Graphics (DPC,SPQR)
(/usr/share/texmf-dist/tex/latex/graphics/graphics.sty
Package: graphics 2017/06/25 v1.2c Standard LaTeX Graphics (DPC,SPQR)
(/usr/share/texmf-dist/tex/latex/graphics/trig.sty
Package: trig 2016/01/03 v1.10 sin cos tan (DPC)
) (/usr/share/texmf-dist/tex/latex/graphics-cfg/graphics.cfg
File: graphics.cfg 2016/06/04 v1.11 sample graphics configuration
)
Package graphics Info: Driver file: pdftex.def on input line 99.
(/usr/share/texmf-dist/tex/latex/graphics-def/pdftex.def
File: pdftex.def 2018/01/08 v1.0l Graphics/color driver for pdftex
))
\Gin@req@height=\dimen107
\Gin@req@width=\dimen108
) (/usr/share/texmf-dist/tex/latex/geometry/geometry.sty
Package: geometry 2018/03/24 v5.7 Page Geometry
\Gm@cnth=\count107
\Gm@cntv=\count108
\c@Gm@tempcnt=\count109
\Gm@bindingoffset=\dimen109
\Gm@wd@mp=\dimen110
\Gm@odd@mp=\dimen111
\Gm@even@mp=\dimen112
\Gm@layoutwidth=\dimen113
\Gm@layoutheight=\dimen114
\Gm@layouthoffset=\dimen115
\Gm@layoutvoffset=\dimen116
\Gm@dimlist=\toks15
) (/usr/share/texmf-dist/tex/latex/xcolor/xcolor.sty
Package: xcolor 2016/05/11 v2.12 LaTeX color extensions (UK)
(/usr/share/texmf-dist/tex/latex/graphics-cfg/color.cfg
File: color.cfg 2016/01/02 v1.6 sample color configuration
)
Package xcolor Info: Driver file: pdftex.def on input line 225.
Package xcolor Info: Model `cmy' substituted by `cmy0' on input line 1348.
Package xcolor Info: Model `hsb' substituted by `rgb' on input line 1352.
Package xcolor Info: Model `RGB' extended on input line 1364.
Package xcolor Info: Model `HTML' substituted by `rgb' on input line 1366.
Package xcolor Info: Model `Hsb' substituted by `hsb' on input line 1367.
Package xcolor Info: Model `tHsb' substituted by `hsb' on input line 1368.
Package xcolor Info: Model `HSB' substituted by `hsb' on input line 1369.
Package xcolor Info: Model `Gray' substituted by `gray' on input line 1370.
Package xcolor Info: Model `wave' substituted by `hsb' on input line 1371.
) (/usr/share/texmf-dist/tex/latex/base/inputenc.sty
Package: inputenc 2018/04/06 v1.3b Input encoding file
\inpenc@prehook=\toks16
\inpenc@posthook=\toks17
(/usr/share/texmf-dist/tex/latex/base/latin1.def
File: latin1.def 2018/04/06 v1.3b Input encoding file
))
\sizebox=\box26
\lthtmlwrite=\write4
(/usr/share/texmf-site/tex/latex/preview/preview.sty
Package: preview 2017/04/24 11.92 (AUCTeX/preview-latex)
(/usr/share/texmf-site/tex/latex/preview/prtightpage.def
\PreviewBorder=\dimen117
)
\pr@snippet=\count110
\pr@box=\box27
\pr@output=\toks18
)
\lthtmlPageBox=\box28
\lthtmlCropMarkHeight=\dimen118
\lthtmlCropMarkDepth=\dimen119
! Too many }'s.
l.98 ...preview}\copy\lthtmlPageBox\end{preview}}}
                                                  %
You've closed more groups than you opened.
Such booboos are generally harmless, so keep going.

(./images.aux (/cygdrive/c/avdw/atat/doc_hidden/intro.aux) (/cygdrive/c/avdw/at
at/doc_hidden/credits.aux) (/cygdrive/c/avdw/atat/doc_hidden/install.aux) (/cyg
drive/c/avdw/atat/doc_hidden/history.aux) (/cygdrive/c/avdw/atat/doc_hidden/tro
uble.aux) (/cygdrive/c/avdw/atat/doc_hidden/orgkit.aux))
\openout1 = `images.aux'.

LaTeX Font Info:    Checking defaults for OML/cmm/m/it on input line 129.
LaTeX Font Info:    ... okay on input line 129.
LaTeX Font Info:    Checking defaults for T1/cmr/m/n on input line 129.
LaTeX Font Info:    ... okay on input line 129.
LaTeX Font Info:    Checking defaults for OT1/cmr/m/n on input line 129.
LaTeX Font Info:    ... okay on input line 129.
LaTeX Font Info:    Checking defaults for OMS/cmsy/m/n on input line 129.
LaTeX Font Info:    ... okay on input line 129.
LaTeX Font Info:    Checking defaults for OMX/cmex/m/n on input line 129.
LaTeX Font Info:    ... okay on input line 129.
LaTeX Font Info:    Checking defaults for U/cmr/m/n on input line 129.
LaTeX Font Info:    ... okay on input line 129.
LaTeX Font Info:    Checking defaults for PD1/pdf/m/n on input line 129.
LaTeX Font Info:    ... okay on input line 129.
\AtBeginShipoutBox=\box29
Package hyperref Info: Link coloring OFF on input line 129.
(/usr/share/texmf-dist/tex/latex/hyperref/nameref.sty
Package: nameref 2016/05/21 v2.44 Cross-referencing by name of section
(/usr/share/texmf-dist/tex/generic/oberdiek/gettitlestring.sty
Package: gettitlestring 2016/05/16 v1.5 Cleanup title references (HO)
)
\c@section@level=\count111
)
LaTeX Info: Redefining \ref on input line 129.
LaTeX Info: Redefining \pageref on input line 129.
LaTeX Info: Redefining \nameref on input line 129.
(./images.out) (./images.out)
\@outlinefile=\write5
\openout5 = `images.out'.

(/usr/share/texmf-dist/tex/context/base/mkii/supp-pdf.mkii
[Loading MPS to PDF converter (version 2006.09.02).]
\scratchcounter=\count112
\scratchdimen=\dimen120
\scratchbox=\box30
\nofMPsegments=\count113
\nofMParguments=\count114
\everyMPshowfont=\toks19
\MPscratchCnt=\count115
\MPscratchDim=\dimen121
\MPnumerator=\count116
\makeMPintoPDFobject=\count117
\everyMPtoPDFconversion=\toks20
) (/usr/share/texmf-dist/tex/latex/oberdiek/epstopdf-base.sty
Package: epstopdf-base 2016/05/15 v2.6 Base part for package epstopdf
(/usr/share/texmf-dist/tex/latex/oberdiek/grfext.sty
Package: grfext 2016/05/16 v1.2 Manage graphics extensions (HO)
)
Package epstopdf-base Info: Redefining graphics rule for `.eps' on input line 4
38.
Package grfext Info: Graphics extension search list:
(grfext)             [.pdf,.png,.jpg,.mps,.jpeg,.jbig2,.jb2,.PDF,.PNG,.JPG,.JPE
G,.JBIG2,.JB2,.eps]
(grfext)             \AppendGraphicsExtensions on input line 456.
(/usr/share/texmf-dist/tex/latex/latexconfig/epstopdf-sys.cfg
File: epstopdf-sys.cfg 2010/07/13 v1.3 Configuration of (r)epstopdf for TeX Liv
e
))
*geometry* driver: auto-detecting
*geometry* detected driver: pdftex
*geometry* verbose mode - [ preamble ] result:
* driver: pdftex
* paper: <default>
* layout: <same size as paper>
* layoutoffset:(h,v)=(0.0pt,0.0pt)
* modes: twoside 
* h-part:(L,W,R)=(54.2025pt, 505.89pt, 54.2025pt)
* v-part:(T,H,B)=(54.2025pt, 661.27005pt, 79.49744pt)
* \paperwidth=614.295pt
* \paperheight=794.96999pt
* \textwidth=349.0pt
* \textheight=668.4975pt
* \oddsidemargin=-18.06749pt
* \evensidemargin=-18.06749pt
* \topmargin=0.0pt
* \headheight=0.0pt
* \headsep=0.0pt
* \topskip=0.00003pt
* \footskip=0.0pt
* \marginparwidth=125.0pt
* \marginparsep=7.0pt
* \columnsep=10.0pt
* \skip\footins=9.0pt plus 4.0pt minus 2.0pt
* \hoffset=0.0pt
* \voffset=0.0pt
* \mag=1000
* \@twocolumnfalse
* \@twosidetrue
* \@mparswitchtrue
* \@reversemarginfalse
* (1in=72.27pt=25.4mm, 1cm=28.453pt)

Preview: Fontsize 10pt
Preview: PDFoutput 1

latex2htmlLength hsize=349.0pt

latex2htmlLength vsize=668.4975pt

latex2htmlLength hoffset=0.0pt

latex2htmlLength voffset=0.0pt

latex2htmlLength topmargin=0.0pt

latex2htmlLength topskip=0.00003pt

latex2htmlLength headheight=0.0pt

latex2htmlLength headsep=0.0pt

latex2htmlLength parskip=0.0pt plus 1.0pt

latex2htmlLength oddsidemargin=-18.06749pt

latex2htmlLength evensidemargin=-18.06749pt

LaTeX Font Info:    External font `cmex10' loaded for size
(Font)              <7> on input line 154.
LaTeX Font Info:    External font `cmex10' loaded for size
(Font)              <5> on input line 154.

:tex2html_wrap_inline5058:lthtmlCropMarkHeight:=12.83331pt

:tex2html_wrap_inline5058:lthtmlCropMarkDepth:=0.0pt:1ex:=4.30554pt
Preview: Tightpage -32891 -32891 32891 32891
[1{/var/lib/texmf/fonts/map/pdftex/updmap/pdftex.map}]

:tex2html_wrap_inline5060:lthtmlCropMarkHeight:=10.30554pt

:tex2html_wrap_inline5060:lthtmlCropMarkDepth:=0.0pt:1ex:=4.30554pt
[2]
Package epstopdf Info: Source file: <cc88x31.eps>
(epstopdf)                    date: 2023-12-06 12:55:15
(epstopdf)                    size: 17041 bytes
(epstopdf)             Output file: <cc88x31-eps-converted-to.pdf>
(epstopdf)                    date: 2023-12-05 20:30:16
(epstopdf)                    size: 4319 bytes
(epstopdf)             Command: <repstopdf --outfile=cc88x31-eps-converted-to.p
df cc88x31.eps>
(epstopdf)             \includegraphics on input line 171.
runsystem(repstopdf --outfile=cc88x31-eps-converted-to.pdf cc88x31.eps)...execu
ted safely (allowed).

Package epstopdf Info: Result file: <cc88x31-eps-converted-to.pdf>
(epstopdf)                    date: 2023-12-06 12:55:26
(epstopdf)                    size: 4319 bytes.
<cc88x31-eps-converted-to.pdf, id=11, 85.31876pt x 30.1125pt>
File: cc88x31-eps-converted-to.pdf Graphic file (type pdf)
<use cc88x31-eps-converted-to.pdf>
Package pdftex.def Info: cc88x31-eps-converted-to.pdf  used on input line 171.
(pdftex.def)             Requested size: 72.26999pt x 25.50842pt.

:tex2html_wrap5232:lthtmlCropMarkHeight:=31.50842pt

:tex2html_wrap5232:lthtmlCropMarkDepth:=0.0pt:1ex:=4.30554pt
[3 <./cc88x31-eps-converted-to.pdf>]

:tex2html_wrap_inline2035:lthtmlCropMarkHeight:=10.30554pt

:tex2html_wrap_inline2035:lthtmlCropMarkDepth:=1.49998pt:1ex:=4.30554pt
[4]

:tex2html_wrap_inline2037:lthtmlCropMarkHeight:=12.59525pt

:tex2html_wrap_inline2037:lthtmlCropMarkDepth:=0.0pt:1ex:=4.30554pt
[5]

:tex2html_wrap_inline2041:lthtmlCropMarkHeight:=12.44444pt

:tex2html_wrap_inline2041:lthtmlCropMarkDepth:=0.83333pt:1ex:=4.30554pt
[6]

:tex2html_wrap_inline2043:lthtmlCropMarkHeight:=12.44444pt

:tex2html_wrap_inline2043:lthtmlCropMarkDepth:=0.83333pt:1ex:=4.30554pt
[7]

:tex2html_wrap_inline2045:lthtmlCropMarkHeight:=10.30554pt

:tex2html_wrap_inline2045:lthtmlCropMarkDepth:=0.0pt:1ex:=4.30554pt
[8]

:tex2html_wrap_indisplay5322:lthtmlCropMarkHeight:=23.50014pt

:tex2html_wrap_indisplay5322:lthtmlCropMarkDepth:=13.47421pt:1ex:=4.30554pt
[9]

:tex2html_wrap_inline2047:lthtmlCropMarkHeight:=10.30554pt

:tex2html_wrap_inline2047:lthtmlCropMarkDepth:=0.0pt:1ex:=4.30554pt
[10]

:tex2html_wrap_inline2053:lthtmlCropMarkHeight:=13.51782pt

:tex2html_wrap_inline2053:lthtmlCropMarkDepth:=0.0pt:1ex:=4.30554pt
[11]

:tex2html_wrap_inline2057:lthtmlCropMarkHeight:=12.83331pt

:tex2html_wrap_inline2057:lthtmlCropMarkDepth:=1.49998pt:1ex:=4.30554pt
[12]

:tex2html_wrap_inline2059:lthtmlCropMarkHeight:=10.30554pt

:tex2html_wrap_inline2059:lthtmlCropMarkDepth:=1.49998pt:1ex:=4.30554pt
[13]

:tex2html_wrap_inline2065:lthtmlCropMarkHeight:=13.5pt

:tex2html_wrap_inline2065:lthtmlCropMarkDepth:=2.5pt:1ex:=4.30554pt
[14]
Package epstopdf Info: Source file: <mapsemc2.eps>
(epstopdf)                    date: 2023-12-06 12:55:15
(epstopdf)                    size: 183308 bytes
(epstopdf)             Output file: <mapsemc2-eps-converted-to.pdf>
(epstopdf)                    date: 2023-12-05 20:30:17
(epstopdf)                    size: 12287 bytes
(epstopdf)             Command: <repstopdf --outfile=mapsemc2-eps-converted-to.
pdf mapsemc2.eps>
(epstopdf)             \includegraphics on input line 260.
runsystem(repstopdf --outfile=mapsemc2-eps-converted-to.pdf mapsemc2.eps)...exe
cuted safely (allowed).

Package epstopdf Info: Result file: <mapsemc2-eps-converted-to.pdf>
(epstopdf)                    date: 2023-12-06 12:55:28
(epstopdf)                    size: 12287 bytes.
<mapsemc2-eps-converted-to.pdf, id=59, 262.9825pt x 266.9975pt>
File: mapsemc2-eps-converted-to.pdf Graphic file (type pdf)
<use mapsemc2-eps-converted-to.pdf>
Package pdftex.def Info: mapsemc2-eps-converted-to.pdf  used on input line 260.

(pdftex.def)             Requested size: 349.0pt x 354.3444pt.

:tex2html_wrap5340:lthtmlCropMarkHeight:=360.3444pt

:tex2html_wrap5340:lthtmlCropMarkDepth:=0.0pt:1ex:=4.30554pt
[15 <./mapsemc2-eps-converted-to.pdf>]

:tex2html_wrap_inline2073:lthtmlCropMarkHeight:=10.30554pt

:tex2html_wrap_inline2073:lthtmlCropMarkDepth:=0.0pt:1ex:=4.30554pt
[16]

:tex2html_wrap_inline2075:lthtmlCropMarkHeight:=12.94444pt

:tex2html_wrap_inline2075:lthtmlCropMarkDepth:=0.0pt:1ex:=4.30554pt
[17]

:tex2html_wrap_inline2077:lthtmlCropMarkHeight:=10.30554pt

:tex2html_wrap_inline2077:lthtmlCropMarkDepth:=0.0pt:1ex:=4.30554pt
[18]

:tex2html_wrap_inline2081:lthtmlCropMarkHeight:=12.94444pt

:tex2html_wrap_inline2081:lthtmlCropMarkDepth:=1.94444pt:1ex:=4.30554pt
[19]

:tex2html_wrap_inline2083:lthtmlCropMarkHeight:=10.30554pt

:tex2html_wrap_inline2083:lthtmlCropMarkDepth:=1.94444pt:1ex:=4.30554pt
[20]

:tex2html_wrap_inline2085:lthtmlCropMarkHeight:=12.94444pt

:tex2html_wrap_inline2085:lthtmlCropMarkDepth:=0.0pt:1ex:=4.30554pt
[21]

:tex2html_wrap_inline2095:lthtmlCropMarkHeight:=10.30554pt

:tex2html_wrap_inline2095:lthtmlCropMarkDepth:=0.0pt:1ex:=4.30554pt
[22]

:tex2html_wrap_inline2111:lthtmlCropMarkHeight:=10.30554pt

:tex2html_wrap_inline2111:lthtmlCropMarkDepth:=0.0pt:1ex:=4.30554pt
[23]
! Missing $ inserted.
<inserted text> 
                $
l.320 \lthtmldisplayZ
                     
I've inserted a begin-math/end-math symbol since I think
you left one out. Proceed, with fingers crossed.


! LaTeX Error: Bad math environment delimiter.

See the LaTeX manual or LaTeX Companion for explanation.
Type  H <return>  for immediate help.
 ...                                              
                                                  
l.320 \lthtmldisplayZ
                     
Your command was ignored.
Type  I <command> <return>  to replace it with another command,
or  <return>  to continue without it.

! Missing $ inserted.
<inserted text> 
                $
l.320 \lthtmldisplayZ
                     
I've inserted something that you may have forgotten.
(See the <inserted text> above.)
With luck, this will get me unwedged. But if you
really didn't forget anything, try typing `2' now; then
my insertion and my current dilemma will both disappear.


:displaymath2033:lthtmlCropMarkHeight:=23.27791pt

:displaymath2033:lthtmlCropMarkDepth:=9.50012pt:1ex:=4.30554pt
[24]

:tex2html_wrap_inline2113:lthtmlCropMarkHeight:=12.83331pt

:tex2html_wrap_inline2113:lthtmlCropMarkDepth:=1.49998pt:1ex:=4.30554pt
[25]

:tex2html_wrap_inline2117:lthtmlCropMarkHeight:=15.47221pt

:tex2html_wrap_inline2117:lthtmlCropMarkDepth:=3.55557pt:1ex:=4.30554pt
[26]

:tex2html_wrap_inline2121:lthtmlCropMarkHeight:=13.5pt

:tex2html_wrap_inline2121:lthtmlCropMarkDepth:=2.5pt:1ex:=4.30554pt
[27]

:tex2html_wrap_inline2123:lthtmlCropMarkHeight:=11.83333pt

:tex2html_wrap_inline2123:lthtmlCropMarkDepth:=0.83333pt:1ex:=4.30554pt
[28]
Package epstopdf Info: Source file: <mapsrep.eps>
(epstopdf)                    date: 2023-12-06 12:55:15
(epstopdf)                    size: 276744 bytes
(epstopdf)             Output file: <mapsrep-eps-converted-to.pdf>
(epstopdf)                    date: 2023-12-05 20:30:19
(epstopdf)                    size: 24689 bytes
(epstopdf)             Command: <repstopdf --outfile=mapsrep-eps-converted-to.p
df mapsrep.eps>
(epstopdf)             \includegraphics on input line 351.
runsystem(repstopdf --outfile=mapsrep-eps-converted-to.pdf mapsrep.eps)...execu
ted safely (allowed).

Package epstopdf Info: Result file: <mapsrep-eps-converted-to.pdf>
(epstopdf)                    date: 2023-12-06 12:55:29
(epstopdf)                    size: 24689 bytes.
<mapsrep-eps-converted-to.pdf, id=114, 464.73625pt x 356.33125pt>
File: mapsrep-eps-converted-to.pdf Graphic file (type pdf)
<use mapsrep-eps-converted-to.pdf>
Package pdftex.def Info: mapsrep-eps-converted-to.pdf  used on input line 351.
(pdftex.def)             Requested size: 349.0pt x 267.60118pt.

:tex2html_wrap5465:lthtmlCropMarkHeight:=273.60118pt

:tex2html_wrap5465:lthtmlCropMarkDepth:=0.0pt:1ex:=4.30554pt
[29 <./mapsrep-eps-converted-to.pdf>]

:tex2html_wrap_inline2133:lthtmlCropMarkHeight:=12.83331pt

:tex2html_wrap_inline2133:lthtmlCropMarkDepth:=0.83333pt:1ex:=4.30554pt
[30]

:tex2html_wrap_inline2135:lthtmlCropMarkHeight:=12.83331pt

:tex2html_wrap_inline2135:lthtmlCropMarkDepth:=0.0pt:1ex:=4.30554pt
[31]

:tex2html_wrap_inline2139:lthtmlCropMarkHeight:=12.44444pt

:tex2html_wrap_inline2139:lthtmlCropMarkDepth:=0.0pt:1ex:=4.30554pt
[32]

:tex2html_wrap_inline2145:lthtmlCropMarkHeight:=10.30554pt

:tex2html_wrap_inline2145:lthtmlCropMarkDepth:=1.49998pt:1ex:=4.30554pt
[33]

:tex2html_wrap_inline2147:lthtmlCropMarkHeight:=10.30554pt

:tex2html_wrap_inline2147:lthtmlCropMarkDepth:=1.49998pt:1ex:=4.30554pt
[34]

:tex2html_wrap_inline2149:lthtmlCropMarkHeight:=10.30554pt

:tex2html_wrap_inline2149:lthtmlCropMarkDepth:=0.0pt:1ex:=4.30554pt
[35]
Package epstopdf Info: Source file: <mcparam.eps>
(epstopdf)                    date: 2023-12-06 12:55:15
(epstopdf)                    size: 181816 bytes
(epstopdf)             Output file: <mcparam-eps-converted-to.pdf>
(epstopdf)                    date: 2023-12-05 20:30:20
(epstopdf)                    size: 12214 bytes
(epstopdf)             Command: <repstopdf --outfile=mcparam-eps-converted-to.p
df mcparam.eps>
(epstopdf)             \includegraphics on input line 395.
runsystem(repstopdf --outfile=mcparam-eps-converted-to.pdf mcparam.eps)...execu
ted safely (allowed).

Package epstopdf Info: Result file: <mcparam-eps-converted-to.pdf>
(epstopdf)                    date: 2023-12-06 12:55:30
(epstopdf)                    size: 12214 bytes.
<mcparam-eps-converted-to.pdf, id=142, 380.42125pt x 190.7125pt>
File: mcparam-eps-converted-to.pdf Graphic file (type pdf)
<use mcparam-eps-converted-to.pdf>
Package pdftex.def Info: mcparam-eps-converted-to.pdf  used on input line 395.
(pdftex.def)             Requested size: 349.0pt x 174.96582pt.

:tex2html_wrap5500:lthtmlCropMarkHeight:=180.96582pt

:tex2html_wrap5500:lthtmlCropMarkDepth:=0.0pt:1ex:=4.30554pt
[36 <./mcparam-eps-converted-to.pdf>]

:tex2html_wrap_inline2153:lthtmlCropMarkHeight:=12.83331pt

:tex2html_wrap_inline2153:lthtmlCropMarkDepth:=0.0pt:1ex:=4.30554pt
[37]

:tex2html_wrap_inline2155:lthtmlCropMarkHeight:=10.30554pt

:tex2html_wrap_inline2155:lthtmlCropMarkDepth:=2.86108pt:1ex:=4.30554pt
[38]

:tex2html_wrap_inline2157:lthtmlCropMarkHeight:=10.30554pt

:tex2html_wrap_inline2157:lthtmlCropMarkDepth:=2.86108pt:1ex:=4.30554pt
[39]

:tex2html_wrap_inline2163:lthtmlCropMarkHeight:=12.83331pt

:tex2html_wrap_inline2163:lthtmlCropMarkDepth:=1.49998pt:1ex:=4.30554pt
[40]

:tex2html_wrap_inline2165:lthtmlCropMarkHeight:=12.83331pt

:tex2html_wrap_inline2165:lthtmlCropMarkDepth:=1.49998pt:1ex:=4.30554pt
[41]

:tex2html_wrap_inline2167:lthtmlCropMarkHeight:=12.83331pt

:tex2html_wrap_inline2167:lthtmlCropMarkDepth:=0.0pt:1ex:=4.30554pt
[42]

:tex2html_wrap_inline2173:lthtmlCropMarkHeight:=13.5pt

:tex2html_wrap_inline2173:lthtmlCropMarkDepth:=2.5pt:1ex:=4.30554pt
[43]

:tex2html_wrap_inline2177:lthtmlCropMarkHeight:=12.83331pt

:tex2html_wrap_inline2177:lthtmlCropMarkDepth:=1.49998pt:1ex:=4.30554pt
[44]

:tex2html_wrap_inline2183:lthtmlCropMarkHeight:=12.94444pt

:tex2html_wrap_inline2183:lthtmlCropMarkDepth:=1.49998pt:1ex:=4.30554pt
[45]

:tex2html_wrap_inline2185:lthtmlCropMarkHeight:=14.14003pt

:tex2html_wrap_inline2185:lthtmlCropMarkDepth:=0.83333pt:1ex:=4.30554pt
[46]

:tex2html_wrap_inline2187:lthtmlCropMarkHeight:=12.44444pt

:tex2html_wrap_inline2187:lthtmlCropMarkDepth:=0.0pt:1ex:=4.30554pt
[47]

:tex2html_wrap_inline2189:lthtmlCropMarkHeight:=12.44444pt

:tex2html_wrap_inline2189:lthtmlCropMarkDepth:=0.0pt:1ex:=4.30554pt
[48]

:tex2html_wrap_inline2191:lthtmlCropMarkHeight:=12.44444pt

:tex2html_wrap_inline2191:lthtmlCropMarkDepth:=0.0pt:1ex:=4.30554pt
[49]

:tex2html_wrap_inline2195:lthtmlCropMarkHeight:=12.44444pt

:tex2html_wrap_inline2195:lthtmlCropMarkDepth:=0.0pt:1ex:=4.30554pt
[50]

:tex2html_wrap_inline2199:lthtmlCropMarkHeight:=10.30554pt

:tex2html_wrap_inline2199:lthtmlCropMarkDepth:=1.94444pt:1ex:=4.30554pt
[51]

:tex2html_wrap_inline2201:lthtmlCropMarkHeight:=10.30554pt

:tex2html_wrap_inline2201:lthtmlCropMarkDepth:=1.94444pt:1ex:=4.30554pt
[52]

:tex2html_wrap_inline2203:lthtmlCropMarkHeight:=12.83331pt

:tex2html_wrap_inline2203:lthtmlCropMarkDepth:=1.94444pt:1ex:=4.30554pt
[53]

:tex2html_wrap_inline2207:lthtmlCropMarkHeight:=10.30554pt

:tex2html_wrap_inline2207:lthtmlCropMarkDepth:=1.94444pt:1ex:=4.30554pt
[54]

:tex2html_wrap_inline2209:lthtmlCropMarkHeight:=12.44444pt

:tex2html_wrap_inline2209:lthtmlCropMarkDepth:=0.0pt:1ex:=4.30554pt
[55]

:tex2html_wrap_inline2211:lthtmlCropMarkHeight:=12.44444pt

:tex2html_wrap_inline2211:lthtmlCropMarkDepth:=0.0pt:1ex:=4.30554pt
[56]
Package epstopdf Info: Source file: <mcout.eps>
(epstopdf)                    date: 2023-12-06 12:55:15
(epstopdf)                    size: 846566 bytes
(epstopdf)             Output file: <mcout-eps-converted-to.pdf>
(epstopdf)                    date: 2023-12-05 20:30:21
(epstopdf)                    size: 118025 bytes
(epstopdf)             Command: <repstopdf --outfile=mcout-eps-converted-to.pdf
 mcout.eps>
(epstopdf)             \includegraphics on input line 522.
runsystem(repstopdf --outfile=mcout-eps-converted-to.pdf mcout.eps)...executed 
safely (allowed).

Package epstopdf Info: Result file: <mcout-eps-converted-to.pdf>
(epstopdf)                    date: 2023-12-06 12:55:32
(epstopdf)                    size: 118025 bytes.
<mcout-eps-converted-to.pdf, id=224, 483.8075pt x 186.6975pt>
File: mcout-eps-converted-to.pdf Graphic file (type pdf)
<use mcout-eps-converted-to.pdf>
Package pdftex.def Info: mcout-eps-converted-to.pdf  used on input line 522.
(pdftex.def)             Requested size: 349.0pt x 134.68132pt.

:tex2html_wrap5561:lthtmlCropMarkHeight:=140.68132pt

:tex2html_wrap5561:lthtmlCropMarkDepth:=0.0pt:1ex:=4.30554pt
[57 <./mcout-eps-converted-to.pdf>]

:tex2html_wrap_inline2219:lthtmlCropMarkHeight:=12.44444pt

:tex2html_wrap_inline2219:lthtmlCropMarkDepth:=0.0pt:1ex:=4.30554pt
[58]

:tex2html_wrap_inline2221:lthtmlCropMarkHeight:=14.14003pt

:tex2html_wrap_inline2221:lthtmlCropMarkDepth:=0.83333pt:1ex:=4.30554pt
[59]

:tex2html_wrap_inline2247:lthtmlCropMarkHeight:=12.94444pt

:tex2html_wrap_inline2247:lthtmlCropMarkDepth:=1.94444pt:1ex:=4.30554pt
[60]

:tex2html_wrap_inline2249:lthtmlCropMarkHeight:=12.94444pt

:tex2html_wrap_inline2249:lthtmlCropMarkDepth:=1.94444pt:1ex:=4.30554pt
[61]

:tex2html_wrap_inline2255:lthtmlCropMarkHeight:=10.30554pt

:tex2html_wrap_inline2255:lthtmlCropMarkDepth:=1.94444pt:1ex:=4.30554pt
[62]

:tex2html_wrap_inline2259:lthtmlCropMarkHeight:=12.83331pt

:tex2html_wrap_inline2259:lthtmlCropMarkDepth:=0.0pt:1ex:=4.30554pt
[63]

:tex2html_wrap_inline5690:lthtmlCropMarkHeight:=9.01112pt

:tex2html_wrap_inline5690:lthtmlCropMarkDepth:=2.33333pt:1ex:=4.30554pt
[64]

:tex2html_wrap_inline5692:lthtmlCropMarkHeight:=7.5139pt

:tex2html_wrap_inline5692:lthtmlCropMarkDepth:=1.49998pt:1ex:=4.30554pt
[65]

:tex2html_wrap_inline5696:lthtmlCropMarkHeight:=9.01112pt

:tex2html_wrap_inline5696:lthtmlCropMarkDepth:=1.49998pt:1ex:=4.30554pt
[66]

:tex2html_wrap_inline5698:lthtmlCropMarkHeight:=9.01112pt

:tex2html_wrap_inline5698:lthtmlCropMarkDepth:=1.49998pt:1ex:=4.30554pt
[67]

:tex2html_wrap_inline5700:lthtmlCropMarkHeight:=9.01112pt

:tex2html_wrap_inline5700:lthtmlCropMarkDepth:=1.49998pt:1ex:=4.30554pt
[68]

:tex2html_wrap_inline3550:lthtmlCropMarkHeight:=12.83331pt

:tex2html_wrap_inline3550:lthtmlCropMarkDepth:=1.94444pt:1ex:=4.30554pt
[69]
Package atveryend Info: Empty hook `BeforeClearDocument' on input line 708.
Package atveryend Info: Empty hook `AfterLastShipout' on input line 708.
(./images.aux)
Package atveryend Info: Executing hook `AtVeryEndDocument' on input line 708.
Package atveryend Info: Executing hook `AtEndAfterFileList' on input line 708.
Package rerunfilecheck Info: File `images.out' has not changed.
(rerunfilecheck)             Checksum: D41D8CD98F00B204E9800998ECF8427E;0.
Package atveryend Info: Empty hook `AtVeryVeryEnd' on input line 708.
 ) 
Here is how much of TeX's memory you used:
 6480 strings out of 494590
 93278 string characters out of 6178347
 188921 words of memory out of 5000000
 10045 multiletter control sequences out of 15000+600000
 4567 words of font info for 17 fonts, out of 8000000 for 9000
 14 hyphenation exceptions out of 8191
 35i,6n,35p,1570b,338s stack positions out of 5000i,500n,10000p,200000b,80000s
</usr/share/texmf-dist/fonts/type1/public/amsfonts/cm/cmex10.pfb></usr/share/
texmf-dist/fonts/type1/public/amsfonts/cm/cmmi10.pfb></usr/share/texmf-dist/fon
ts/type1/public/amsfonts/cm/cmmi7.pfb></usr/share/texmf-dist/fonts/type1/public
/amsfonts/cm/cmr10.pfb></usr/share/texmf-dist/fonts/type1/public/amsfonts/cm/cm
r7.pfb></usr/share/texmf-dist/fonts/type1/public/amsfonts/cm/cmsy10.pfb></usr/s
hare/texmf-dist/fonts/type1/public/amsfonts/cm/cmsy5.pfb></usr/share/texmf-dist
/fonts/type1/public/amsfonts/cm/cmsy7.pfb>
Output written on images.pdf (69 pages, 243390 bytes).
PDF statistics:
 301 PDF objects out of 1000 (max. 8388607)
 206 compressed objects within 3 object streams
 0 named destinations out of 1000 (max. 500000)
 26 words of extra memory for PDF output out of 10000 (max. 10000000)

